{"numFailedTestSuites":14,"numFailedTests":65,"numPassedTestSuites":96,"numPassedTests":394,"numPendingTestSuites":0,"numPendingTests":0,"numRuntimeErrorTestSuites":0,"numTodoTests":0,"numTotalTestSuites":110,"numTotalTests":459,"openHandles":[],"snapshot":{"added":0,"didUpdate":false,"failure":false,"filesAdded":0,"filesRemoved":0,"filesRemovedList":[],"filesUnmatched":0,"filesUpdated":0,"matched":0,"total":0,"unchecked":0,"uncheckedKeysByFile":[],"unmatched":0,"updated":0},"startTime":1738890640352,"success":false,"testResults":[{"assertionResults":[{"ancestorTitles":["(lv.4)파일-경로-정규화.js 테스트"],"duration":18,"failureDetails":[{"matcherResult":{"expected":"/a/c","message":"\u001b[2mexpect(\u001b[22m\u001b[31mreceived\u001b[39m\u001b[2m).\u001b[22mtoBe\u001b[2m(\u001b[22m\u001b[32mexpected\u001b[39m\u001b[2m) // Object.is equality\u001b[22m\n\nExpected: \u001b[32m\"/a/c\"\u001b[39m\nReceived: \u001b[31mundefined\u001b[39m","name":"toBe","pass":false}}],"failureMessages":["Error: \u001b[2mexpect(\u001b[22m\u001b[31mreceived\u001b[39m\u001b[2m).\u001b[22mtoBe\u001b[2m(\u001b[22m\u001b[32mexpected\u001b[39m\u001b[2m) // Object.is equality\u001b[22m\n\nExpected: \u001b[32m\"/a/c\"\u001b[39m\nReceived: \u001b[31mundefined\u001b[39m\n    at Object.toBe (C:\\Users\\ilove\\Desktop\\sparta\\javascript-problem-bank\\__test__do_not_edit\\part2\\05.응용\\(lv.4)파일-경로-정규화.test.js:5:40)\n    at Promise.then.completed (C:\\Users\\ilove\\Desktop\\sparta\\javascript-problem-bank\\node_modules\\jest-circus\\build\\utils.js:298:28)\n    at new Promise (<anonymous>)\n    at callAsyncCircusFn (C:\\Users\\ilove\\Desktop\\sparta\\javascript-problem-bank\\node_modules\\jest-circus\\build\\utils.js:231:10)\n    at _callCircusTest (C:\\Users\\ilove\\Desktop\\sparta\\javascript-problem-bank\\node_modules\\jest-circus\\build\\run.js:316:40)\n    at _runTest (C:\\Users\\ilove\\Desktop\\sparta\\javascript-problem-bank\\node_modules\\jest-circus\\build\\run.js:252:3)\n    at _runTestsForDescribeBlock (C:\\Users\\ilove\\Desktop\\sparta\\javascript-problem-bank\\node_modules\\jest-circus\\build\\run.js:126:9)\n    at _runTestsForDescribeBlock (C:\\Users\\ilove\\Desktop\\sparta\\javascript-problem-bank\\node_modules\\jest-circus\\build\\run.js:121:9)\n    at run (C:\\Users\\ilove\\Desktop\\sparta\\javascript-problem-bank\\node_modules\\jest-circus\\build\\run.js:71:3)\n    at runAndTransformResultsToJestFormat (C:\\Users\\ilove\\Desktop\\sparta\\javascript-problem-bank\\node_modules\\jest-circus\\build\\legacy-code-todo-rewrite\\jestAdapterInit.js:122:21)\n    at jestAdapter (C:\\Users\\ilove\\Desktop\\sparta\\javascript-problem-bank\\node_modules\\jest-circus\\build\\legacy-code-todo-rewrite\\jestAdapter.js:79:19)\n    at runTestInternal (C:\\Users\\ilove\\Desktop\\sparta\\javascript-problem-bank\\node_modules\\jest-runner\\build\\runTest.js:367:16)\n    at runTest (C:\\Users\\ilove\\Desktop\\sparta\\javascript-problem-bank\\node_modules\\jest-runner\\build\\runTest.js:444:34)\n    at Object.worker (C:\\Users\\ilove\\Desktop\\sparta\\javascript-problem-bank\\node_modules\\jest-runner\\build\\testWorker.js:106:12)"],"fullName":"(lv.4)파일-경로-정규화.js 테스트 중간에 '..'가 포함되면 상위 디렉토리로 이동해야 한다.","invocations":1,"location":null,"numPassingAsserts":0,"retryReasons":[],"status":"failed","title":"중간에 '..'가 포함되면 상위 디렉토리로 이동해야 한다."},{"ancestorTitles":["(lv.4)파일-경로-정규화.js 테스트"],"duration":1,"failureDetails":[{"matcherResult":{"expected":"a/b/c/","message":"\u001b[2mexpect(\u001b[22m\u001b[31mreceived\u001b[39m\u001b[2m).\u001b[22mtoBe\u001b[2m(\u001b[22m\u001b[32mexpected\u001b[39m\u001b[2m) // Object.is equality\u001b[22m\n\nExpected: \u001b[32m\"a/b/c/\"\u001b[39m\nReceived: \u001b[31mundefined\u001b[39m","name":"toBe","pass":false}}],"failureMessages":["Error: \u001b[2mexpect(\u001b[22m\u001b[31mreceived\u001b[39m\u001b[2m).\u001b[22mtoBe\u001b[2m(\u001b[22m\u001b[32mexpected\u001b[39m\u001b[2m) // Object.is equality\u001b[22m\n\nExpected: \u001b[32m\"a/b/c/\"\u001b[39m\nReceived: \u001b[31mundefined\u001b[39m\n    at Object.toBe (C:\\Users\\ilove\\Desktop\\sparta\\javascript-problem-bank\\__test__do_not_edit\\part2\\05.응용\\(lv.4)파일-경로-정규화.test.js:10:42)\n    at Promise.then.completed (C:\\Users\\ilove\\Desktop\\sparta\\javascript-problem-bank\\node_modules\\jest-circus\\build\\utils.js:298:28)\n    at new Promise (<anonymous>)\n    at callAsyncCircusFn (C:\\Users\\ilove\\Desktop\\sparta\\javascript-problem-bank\\node_modules\\jest-circus\\build\\utils.js:231:10)\n    at _callCircusTest (C:\\Users\\ilove\\Desktop\\sparta\\javascript-problem-bank\\node_modules\\jest-circus\\build\\run.js:316:40)\n    at _runTest (C:\\Users\\ilove\\Desktop\\sparta\\javascript-problem-bank\\node_modules\\jest-circus\\build\\run.js:252:3)\n    at _runTestsForDescribeBlock (C:\\Users\\ilove\\Desktop\\sparta\\javascript-problem-bank\\node_modules\\jest-circus\\build\\run.js:126:9)\n    at _runTestsForDescribeBlock (C:\\Users\\ilove\\Desktop\\sparta\\javascript-problem-bank\\node_modules\\jest-circus\\build\\run.js:121:9)\n    at run (C:\\Users\\ilove\\Desktop\\sparta\\javascript-problem-bank\\node_modules\\jest-circus\\build\\run.js:71:3)\n    at runAndTransformResultsToJestFormat (C:\\Users\\ilove\\Desktop\\sparta\\javascript-problem-bank\\node_modules\\jest-circus\\build\\legacy-code-todo-rewrite\\jestAdapterInit.js:122:21)\n    at jestAdapter (C:\\Users\\ilove\\Desktop\\sparta\\javascript-problem-bank\\node_modules\\jest-circus\\build\\legacy-code-todo-rewrite\\jestAdapter.js:79:19)\n    at runTestInternal (C:\\Users\\ilove\\Desktop\\sparta\\javascript-problem-bank\\node_modules\\jest-runner\\build\\runTest.js:367:16)\n    at runTest (C:\\Users\\ilove\\Desktop\\sparta\\javascript-problem-bank\\node_modules\\jest-runner\\build\\runTest.js:444:34)\n    at Object.worker (C:\\Users\\ilove\\Desktop\\sparta\\javascript-problem-bank\\node_modules\\jest-runner\\build\\testWorker.js:106:12)"],"fullName":"(lv.4)파일-경로-정규화.js 테스트 '.'는 무시되어야 한다.","invocations":1,"location":null,"numPassingAsserts":0,"retryReasons":[],"status":"failed","title":"'.'는 무시되어야 한다."},{"ancestorTitles":["(lv.4)파일-경로-정규화.js 테스트"],"duration":1,"failureDetails":[{"matcherResult":{"expected":"/a/b/","message":"\u001b[2mexpect(\u001b[22m\u001b[31mreceived\u001b[39m\u001b[2m).\u001b[22mtoBe\u001b[2m(\u001b[22m\u001b[32mexpected\u001b[39m\u001b[2m) // Object.is equality\u001b[22m\n\nExpected: \u001b[32m\"/a/b/\"\u001b[39m\nReceived: \u001b[31mundefined\u001b[39m","name":"toBe","pass":false}}],"failureMessages":["Error: \u001b[2mexpect(\u001b[22m\u001b[31mreceived\u001b[39m\u001b[2m).\u001b[22mtoBe\u001b[2m(\u001b[22m\u001b[32mexpected\u001b[39m\u001b[2m) // Object.is equality\u001b[22m\n\nExpected: \u001b[32m\"/a/b/\"\u001b[39m\nReceived: \u001b[31mundefined\u001b[39m\n    at Object.toBe (C:\\Users\\ilove\\Desktop\\sparta\\javascript-problem-bank\\__test__do_not_edit\\part2\\05.응용\\(lv.4)파일-경로-정규화.test.js:15:43)\n    at Promise.then.completed (C:\\Users\\ilove\\Desktop\\sparta\\javascript-problem-bank\\node_modules\\jest-circus\\build\\utils.js:298:28)\n    at new Promise (<anonymous>)\n    at callAsyncCircusFn (C:\\Users\\ilove\\Desktop\\sparta\\javascript-problem-bank\\node_modules\\jest-circus\\build\\utils.js:231:10)\n    at _callCircusTest (C:\\Users\\ilove\\Desktop\\sparta\\javascript-problem-bank\\node_modules\\jest-circus\\build\\run.js:316:40)\n    at _runTest (C:\\Users\\ilove\\Desktop\\sparta\\javascript-problem-bank\\node_modules\\jest-circus\\build\\run.js:252:3)\n    at _runTestsForDescribeBlock (C:\\Users\\ilove\\Desktop\\sparta\\javascript-problem-bank\\node_modules\\jest-circus\\build\\run.js:126:9)\n    at _runTestsForDescribeBlock (C:\\Users\\ilove\\Desktop\\sparta\\javascript-problem-bank\\node_modules\\jest-circus\\build\\run.js:121:9)\n    at run (C:\\Users\\ilove\\Desktop\\sparta\\javascript-problem-bank\\node_modules\\jest-circus\\build\\run.js:71:3)\n    at runAndTransformResultsToJestFormat (C:\\Users\\ilove\\Desktop\\sparta\\javascript-problem-bank\\node_modules\\jest-circus\\build\\legacy-code-todo-rewrite\\jestAdapterInit.js:122:21)\n    at jestAdapter (C:\\Users\\ilove\\Desktop\\sparta\\javascript-problem-bank\\node_modules\\jest-circus\\build\\legacy-code-todo-rewrite\\jestAdapter.js:79:19)\n    at runTestInternal (C:\\Users\\ilove\\Desktop\\sparta\\javascript-problem-bank\\node_modules\\jest-runner\\build\\runTest.js:367:16)\n    at runTest (C:\\Users\\ilove\\Desktop\\sparta\\javascript-problem-bank\\node_modules\\jest-runner\\build\\runTest.js:444:34)\n    at Object.worker (C:\\Users\\ilove\\Desktop\\sparta\\javascript-problem-bank\\node_modules\\jest-runner\\build\\testWorker.js:106:12)"],"fullName":"(lv.4)파일-경로-정규화.js 테스트 중복된 '/'는 하나로 합쳐야 한다.","invocations":1,"location":null,"numPassingAsserts":0,"retryReasons":[],"status":"failed","title":"중복된 '/'는 하나로 합쳐야 한다."},{"ancestorTitles":["(lv.4)파일-경로-정규화.js 테스트"],"duration":1,"failureDetails":[{"matcherResult":{"expected":"/a/b","message":"\u001b[2mexpect(\u001b[22m\u001b[31mreceived\u001b[39m\u001b[2m).\u001b[22mtoBe\u001b[2m(\u001b[22m\u001b[32mexpected\u001b[39m\u001b[2m) // Object.is equality\u001b[22m\n\nExpected: \u001b[32m\"/a/b\"\u001b[39m\nReceived: \u001b[31mundefined\u001b[39m","name":"toBe","pass":false}}],"failureMessages":["Error: \u001b[2mexpect(\u001b[22m\u001b[31mreceived\u001b[39m\u001b[2m).\u001b[22mtoBe\u001b[2m(\u001b[22m\u001b[32mexpected\u001b[39m\u001b[2m) // Object.is equality\u001b[22m\n\nExpected: \u001b[32m\"/a/b\"\u001b[39m\nReceived: \u001b[31mundefined\u001b[39m\n    at Object.toBe (C:\\Users\\ilove\\Desktop\\sparta\\javascript-problem-bank\\__test__do_not_edit\\part2\\05.응용\\(lv.4)파일-경로-정규화.test.js:20:35)\n    at Promise.then.completed (C:\\Users\\ilove\\Desktop\\sparta\\javascript-problem-bank\\node_modules\\jest-circus\\build\\utils.js:298:28)\n    at new Promise (<anonymous>)\n    at callAsyncCircusFn (C:\\Users\\ilove\\Desktop\\sparta\\javascript-problem-bank\\node_modules\\jest-circus\\build\\utils.js:231:10)\n    at _callCircusTest (C:\\Users\\ilove\\Desktop\\sparta\\javascript-problem-bank\\node_modules\\jest-circus\\build\\run.js:316:40)\n    at _runTest (C:\\Users\\ilove\\Desktop\\sparta\\javascript-problem-bank\\node_modules\\jest-circus\\build\\run.js:252:3)\n    at _runTestsForDescribeBlock (C:\\Users\\ilove\\Desktop\\sparta\\javascript-problem-bank\\node_modules\\jest-circus\\build\\run.js:126:9)\n    at _runTestsForDescribeBlock (C:\\Users\\ilove\\Desktop\\sparta\\javascript-problem-bank\\node_modules\\jest-circus\\build\\run.js:121:9)\n    at run (C:\\Users\\ilove\\Desktop\\sparta\\javascript-problem-bank\\node_modules\\jest-circus\\build\\run.js:71:3)\n    at runAndTransformResultsToJestFormat (C:\\Users\\ilove\\Desktop\\sparta\\javascript-problem-bank\\node_modules\\jest-circus\\build\\legacy-code-todo-rewrite\\jestAdapterInit.js:122:21)\n    at jestAdapter (C:\\Users\\ilove\\Desktop\\sparta\\javascript-problem-bank\\node_modules\\jest-circus\\build\\legacy-code-todo-rewrite\\jestAdapter.js:79:19)\n    at runTestInternal (C:\\Users\\ilove\\Desktop\\sparta\\javascript-problem-bank\\node_modules\\jest-runner\\build\\runTest.js:367:16)\n    at runTest (C:\\Users\\ilove\\Desktop\\sparta\\javascript-problem-bank\\node_modules\\jest-runner\\build\\runTest.js:444:34)\n    at Object.worker (C:\\Users\\ilove\\Desktop\\sparta\\javascript-problem-bank\\node_modules\\jest-runner\\build\\testWorker.js:106:12)"],"fullName":"(lv.4)파일-경로-정규화.js 테스트 시작 '/'가 있으면 유지해야 한다.","invocations":1,"location":null,"numPassingAsserts":0,"retryReasons":[],"status":"failed","title":"시작 '/'가 있으면 유지해야 한다."},{"ancestorTitles":["(lv.4)파일-경로-정규화.js 테스트"],"duration":1,"failureDetails":[{"matcherResult":{"expected":"/a/b/","message":"\u001b[2mexpect(\u001b[22m\u001b[31mreceived\u001b[39m\u001b[2m).\u001b[22mtoBe\u001b[2m(\u001b[22m\u001b[32mexpected\u001b[39m\u001b[2m) // Object.is equality\u001b[22m\n\nExpected: \u001b[32m\"/a/b/\"\u001b[39m\nReceived: \u001b[31mundefined\u001b[39m","name":"toBe","pass":false}}],"failureMessages":["Error: \u001b[2mexpect(\u001b[22m\u001b[31mreceived\u001b[39m\u001b[2m).\u001b[22mtoBe\u001b[2m(\u001b[22m\u001b[32mexpected\u001b[39m\u001b[2m) // Object.is equality\u001b[22m\n\nExpected: \u001b[32m\"/a/b/\"\u001b[39m\nReceived: \u001b[31mundefined\u001b[39m\n    at Object.toBe (C:\\Users\\ilove\\Desktop\\sparta\\javascript-problem-bank\\__test__do_not_edit\\part2\\05.응용\\(lv.4)파일-경로-정규화.test.js:25:36)\n    at Promise.then.completed (C:\\Users\\ilove\\Desktop\\sparta\\javascript-problem-bank\\node_modules\\jest-circus\\build\\utils.js:298:28)\n    at new Promise (<anonymous>)\n    at callAsyncCircusFn (C:\\Users\\ilove\\Desktop\\sparta\\javascript-problem-bank\\node_modules\\jest-circus\\build\\utils.js:231:10)\n    at _callCircusTest (C:\\Users\\ilove\\Desktop\\sparta\\javascript-problem-bank\\node_modules\\jest-circus\\build\\run.js:316:40)\n    at _runTest (C:\\Users\\ilove\\Desktop\\sparta\\javascript-problem-bank\\node_modules\\jest-circus\\build\\run.js:252:3)\n    at _runTestsForDescribeBlock (C:\\Users\\ilove\\Desktop\\sparta\\javascript-problem-bank\\node_modules\\jest-circus\\build\\run.js:126:9)\n    at _runTestsForDescribeBlock (C:\\Users\\ilove\\Desktop\\sparta\\javascript-problem-bank\\node_modules\\jest-circus\\build\\run.js:121:9)\n    at run (C:\\Users\\ilove\\Desktop\\sparta\\javascript-problem-bank\\node_modules\\jest-circus\\build\\run.js:71:3)\n    at runAndTransformResultsToJestFormat (C:\\Users\\ilove\\Desktop\\sparta\\javascript-problem-bank\\node_modules\\jest-circus\\build\\legacy-code-todo-rewrite\\jestAdapterInit.js:122:21)\n    at jestAdapter (C:\\Users\\ilove\\Desktop\\sparta\\javascript-problem-bank\\node_modules\\jest-circus\\build\\legacy-code-todo-rewrite\\jestAdapter.js:79:19)\n    at runTestInternal (C:\\Users\\ilove\\Desktop\\sparta\\javascript-problem-bank\\node_modules\\jest-runner\\build\\runTest.js:367:16)\n    at runTest (C:\\Users\\ilove\\Desktop\\sparta\\javascript-problem-bank\\node_modules\\jest-runner\\build\\runTest.js:444:34)\n    at Object.worker (C:\\Users\\ilove\\Desktop\\sparta\\javascript-problem-bank\\node_modules\\jest-runner\\build\\testWorker.js:106:12)"],"fullName":"(lv.4)파일-경로-정규화.js 테스트 끝 '/'가 있으면 유지해야 한다 (단, 루트 '/'는 예외).","invocations":1,"location":null,"numPassingAsserts":0,"retryReasons":[],"status":"failed","title":"끝 '/'가 있으면 유지해야 한다 (단, 루트 '/'는 예외)."},{"ancestorTitles":["(lv.4)파일-경로-정규화.js 테스트"],"duration":1,"failureDetails":[{"matcherResult":{"expected":"/","message":"\u001b[2mexpect(\u001b[22m\u001b[31mreceived\u001b[39m\u001b[2m).\u001b[22mtoBe\u001b[2m(\u001b[22m\u001b[32mexpected\u001b[39m\u001b[2m) // Object.is equality\u001b[22m\n\nExpected: \u001b[32m\"/\"\u001b[39m\nReceived: \u001b[31mundefined\u001b[39m","name":"toBe","pass":false}}],"failureMessages":["Error: \u001b[2mexpect(\u001b[22m\u001b[31mreceived\u001b[39m\u001b[2m).\u001b[22mtoBe\u001b[2m(\u001b[22m\u001b[32mexpected\u001b[39m\u001b[2m) // Object.is equality\u001b[22m\n\nExpected: \u001b[32m\"/\"\u001b[39m\nReceived: \u001b[31mundefined\u001b[39m\n    at Object.toBe (C:\\Users\\ilove\\Desktop\\sparta\\javascript-problem-bank\\__test__do_not_edit\\part2\\05.응용\\(lv.4)파일-경로-정규화.test.js:33:40)\n    at Promise.then.completed (C:\\Users\\ilove\\Desktop\\sparta\\javascript-problem-bank\\node_modules\\jest-circus\\build\\utils.js:298:28)\n    at new Promise (<anonymous>)\n    at callAsyncCircusFn (C:\\Users\\ilove\\Desktop\\sparta\\javascript-problem-bank\\node_modules\\jest-circus\\build\\utils.js:231:10)\n    at _callCircusTest (C:\\Users\\ilove\\Desktop\\sparta\\javascript-problem-bank\\node_modules\\jest-circus\\build\\run.js:316:40)\n    at _runTest (C:\\Users\\ilove\\Desktop\\sparta\\javascript-problem-bank\\node_modules\\jest-circus\\build\\run.js:252:3)\n    at _runTestsForDescribeBlock (C:\\Users\\ilove\\Desktop\\sparta\\javascript-problem-bank\\node_modules\\jest-circus\\build\\run.js:126:9)\n    at _runTestsForDescribeBlock (C:\\Users\\ilove\\Desktop\\sparta\\javascript-problem-bank\\node_modules\\jest-circus\\build\\run.js:121:9)\n    at run (C:\\Users\\ilove\\Desktop\\sparta\\javascript-problem-bank\\node_modules\\jest-circus\\build\\run.js:71:3)\n    at runAndTransformResultsToJestFormat (C:\\Users\\ilove\\Desktop\\sparta\\javascript-problem-bank\\node_modules\\jest-circus\\build\\legacy-code-todo-rewrite\\jestAdapterInit.js:122:21)\n    at jestAdapter (C:\\Users\\ilove\\Desktop\\sparta\\javascript-problem-bank\\node_modules\\jest-circus\\build\\legacy-code-todo-rewrite\\jestAdapter.js:79:19)\n    at runTestInternal (C:\\Users\\ilove\\Desktop\\sparta\\javascript-problem-bank\\node_modules\\jest-runner\\build\\runTest.js:367:16)\n    at runTest (C:\\Users\\ilove\\Desktop\\sparta\\javascript-problem-bank\\node_modules\\jest-runner\\build\\runTest.js:444:34)\n    at Object.worker (C:\\Users\\ilove\\Desktop\\sparta\\javascript-problem-bank\\node_modules\\jest-runner\\build\\testWorker.js:106:12)"],"fullName":"(lv.4)파일-경로-정규화.js 테스트 상위 폴더를 계속 올려도 루트 이상은 처리하지 않는다 (이 예시는 현재 구현에서 무시).","invocations":1,"location":null,"numPassingAsserts":0,"retryReasons":[],"status":"failed","title":"상위 폴더를 계속 올려도 루트 이상은 처리하지 않는다 (이 예시는 현재 구현에서 무시)."}],"endTime":1738890642343,"message":"\u001b[1m\u001b[31m  \u001b[1m● \u001b[22m\u001b[1m(lv.4)파일-경로-정규화.js 테스트 › 중간에 '..'가 포함되면 상위 디렉토리로 이동해야 한다.\u001b[39m\u001b[22m\n\n    \u001b[2mexpect(\u001b[22m\u001b[31mreceived\u001b[39m\u001b[2m).\u001b[22mtoBe\u001b[2m(\u001b[22m\u001b[32mexpected\u001b[39m\u001b[2m) // Object.is equality\u001b[22m\n\n    Expected: \u001b[32m\"/a/c\"\u001b[39m\n    Received: \u001b[31mundefined\u001b[39m\n\u001b[2m\u001b[22m\n\u001b[2m    \u001b[0m \u001b[90m 3 |\u001b[39m describe(\u001b[32m\"(lv.4)파일-경로-정규화.js 테스트\"\u001b[39m\u001b[33m,\u001b[39m () \u001b[33m=>\u001b[39m {\u001b[22m\n\u001b[2m     \u001b[90m 4 |\u001b[39m   it(\u001b[32m\"중간에 '..'가 포함되면 상위 디렉토리로 이동해야 한다.\"\u001b[39m\u001b[33m,\u001b[39m () \u001b[33m=>\u001b[39m {\u001b[22m\n\u001b[2m    \u001b[31m\u001b[1m>\u001b[22m\u001b[2m\u001b[39m\u001b[90m 5 |\u001b[39m     expect(normalizePath(\u001b[32m\"/a/b/../c\"\u001b[39m))\u001b[33m.\u001b[39mtoBe(\u001b[32m\"/a/c\"\u001b[39m)\u001b[33m;\u001b[39m\u001b[22m\n\u001b[2m     \u001b[90m   |\u001b[39m                                        \u001b[31m\u001b[1m^\u001b[22m\u001b[2m\u001b[39m\u001b[22m\n\u001b[2m     \u001b[90m 6 |\u001b[39m     expect(normalizePath(\u001b[32m\"/a/../../b\"\u001b[39m))\u001b[33m.\u001b[39mtoBe(\u001b[32m\"/b\"\u001b[39m)\u001b[33m;\u001b[39m\u001b[22m\n\u001b[2m     \u001b[90m 7 |\u001b[39m   })\u001b[33m;\u001b[39m\u001b[22m\n\u001b[2m     \u001b[90m 8 |\u001b[39m\u001b[0m\u001b[22m\n\u001b[2m\u001b[22m\n\u001b[2m      \u001b[2mat Object.toBe (C:\\Users\\ilove\\Desktop\\sparta\\javascript-problem-bank\\__test__do_not_edit\\part2\\05.응용\\(lv.4)\u001b[22m\u001b[2m파일-경로-정규화.test.js\u001b[2m:5:40)\u001b[22m\u001b[2m\u001b[22m\n\n\u001b[1m\u001b[31m  \u001b[1m● \u001b[22m\u001b[1m(lv.4)파일-경로-정규화.js 테스트 › '.'는 무시되어야 한다.\u001b[39m\u001b[22m\n\n    \u001b[2mexpect(\u001b[22m\u001b[31mreceived\u001b[39m\u001b[2m).\u001b[22mtoBe\u001b[2m(\u001b[22m\u001b[32mexpected\u001b[39m\u001b[2m) // Object.is equality\u001b[22m\n\n    Expected: \u001b[32m\"a/b/c/\"\u001b[39m\n    Received: \u001b[31mundefined\u001b[39m\n\u001b[2m\u001b[22m\n\u001b[2m    \u001b[0m \u001b[90m  8 |\u001b[39m\u001b[22m\n\u001b[2m     \u001b[90m  9 |\u001b[39m   it(\u001b[32m\"'.'는 무시되어야 한다.\"\u001b[39m\u001b[33m,\u001b[39m () \u001b[33m=>\u001b[39m {\u001b[22m\n\u001b[2m    \u001b[31m\u001b[1m>\u001b[22m\u001b[2m\u001b[39m\u001b[90m 10 |\u001b[39m     expect(normalizePath(\u001b[32m\"./a//b/./c/\"\u001b[39m))\u001b[33m.\u001b[39mtoBe(\u001b[32m\"a/b/c/\"\u001b[39m)\u001b[33m;\u001b[39m\u001b[22m\n\u001b[2m     \u001b[90m    |\u001b[39m                                          \u001b[31m\u001b[1m^\u001b[22m\u001b[2m\u001b[39m\u001b[22m\n\u001b[2m     \u001b[90m 11 |\u001b[39m     expect(normalizePath(\u001b[32m\"/./\"\u001b[39m))\u001b[33m.\u001b[39mtoBe(\u001b[32m\"/\"\u001b[39m)\u001b[33m;\u001b[39m\u001b[22m\n\u001b[2m     \u001b[90m 12 |\u001b[39m   })\u001b[33m;\u001b[39m\u001b[22m\n\u001b[2m     \u001b[90m 13 |\u001b[39m\u001b[0m\u001b[22m\n\u001b[2m\u001b[22m\n\u001b[2m      \u001b[2mat Object.toBe (C:\\Users\\ilove\\Desktop\\sparta\\javascript-problem-bank\\__test__do_not_edit\\part2\\05.응용\\(lv.4)\u001b[22m\u001b[2m파일-경로-정규화.test.js\u001b[2m:10:42)\u001b[22m\u001b[2m\u001b[22m\n\n\u001b[1m\u001b[31m  \u001b[1m● \u001b[22m\u001b[1m(lv.4)파일-경로-정규화.js 테스트 › 중복된 '/'는 하나로 합쳐야 한다.\u001b[39m\u001b[22m\n\n    \u001b[2mexpect(\u001b[22m\u001b[31mreceived\u001b[39m\u001b[2m).\u001b[22mtoBe\u001b[2m(\u001b[22m\u001b[32mexpected\u001b[39m\u001b[2m) // Object.is equality\u001b[22m\n\n    Expected: \u001b[32m\"/a/b/\"\u001b[39m\n    Received: \u001b[31mundefined\u001b[39m\n\u001b[2m\u001b[22m\n\u001b[2m    \u001b[0m \u001b[90m 13 |\u001b[39m\u001b[22m\n\u001b[2m     \u001b[90m 14 |\u001b[39m   it(\u001b[32m\"중복된 '/'는 하나로 합쳐야 한다.\"\u001b[39m\u001b[33m,\u001b[39m () \u001b[33m=>\u001b[39m {\u001b[22m\n\u001b[2m    \u001b[31m\u001b[1m>\u001b[22m\u001b[2m\u001b[39m\u001b[90m 15 |\u001b[39m     expect(normalizePath(\u001b[32m\"///a////b///\"\u001b[39m))\u001b[33m.\u001b[39mtoBe(\u001b[32m\"/a/b/\"\u001b[39m)\u001b[33m;\u001b[39m\u001b[22m\n\u001b[2m     \u001b[90m    |\u001b[39m                                           \u001b[31m\u001b[1m^\u001b[22m\u001b[2m\u001b[39m\u001b[22m\n\u001b[2m     \u001b[90m 16 |\u001b[39m     expect(normalizePath(\u001b[32m\"////\"\u001b[39m))\u001b[33m.\u001b[39mtoBe(\u001b[32m\"/\"\u001b[39m)\u001b[33m;\u001b[39m\u001b[22m\n\u001b[2m     \u001b[90m 17 |\u001b[39m   })\u001b[33m;\u001b[39m\u001b[22m\n\u001b[2m     \u001b[90m 18 |\u001b[39m\u001b[0m\u001b[22m\n\u001b[2m\u001b[22m\n\u001b[2m      \u001b[2mat Object.toBe (C:\\Users\\ilove\\Desktop\\sparta\\javascript-problem-bank\\__test__do_not_edit\\part2\\05.응용\\(lv.4)\u001b[22m\u001b[2m파일-경로-정규화.test.js\u001b[2m:15:43)\u001b[22m\u001b[2m\u001b[22m\n\n\u001b[1m\u001b[31m  \u001b[1m● \u001b[22m\u001b[1m(lv.4)파일-경로-정규화.js 테스트 › 시작 '/'가 있으면 유지해야 한다.\u001b[39m\u001b[22m\n\n    \u001b[2mexpect(\u001b[22m\u001b[31mreceived\u001b[39m\u001b[2m).\u001b[22mtoBe\u001b[2m(\u001b[22m\u001b[32mexpected\u001b[39m\u001b[2m) // Object.is equality\u001b[22m\n\n    Expected: \u001b[32m\"/a/b\"\u001b[39m\n    Received: \u001b[31mundefined\u001b[39m\n\u001b[2m\u001b[22m\n\u001b[2m    \u001b[0m \u001b[90m 18 |\u001b[39m\u001b[22m\n\u001b[2m     \u001b[90m 19 |\u001b[39m   it(\u001b[32m\"시작 '/'가 있으면 유지해야 한다.\"\u001b[39m\u001b[33m,\u001b[39m () \u001b[33m=>\u001b[39m {\u001b[22m\n\u001b[2m    \u001b[31m\u001b[1m>\u001b[22m\u001b[2m\u001b[39m\u001b[90m 20 |\u001b[39m     expect(normalizePath(\u001b[32m\"/a/b\"\u001b[39m))\u001b[33m.\u001b[39mtoBe(\u001b[32m\"/a/b\"\u001b[39m)\u001b[33m;\u001b[39m\u001b[22m\n\u001b[2m     \u001b[90m    |\u001b[39m                                   \u001b[31m\u001b[1m^\u001b[22m\u001b[2m\u001b[39m\u001b[22m\n\u001b[2m     \u001b[90m 21 |\u001b[39m     expect(normalizePath(\u001b[32m\"/\"\u001b[39m))\u001b[33m.\u001b[39mtoBe(\u001b[32m\"/\"\u001b[39m)\u001b[33m;\u001b[39m\u001b[22m\n\u001b[2m     \u001b[90m 22 |\u001b[39m   })\u001b[33m;\u001b[39m\u001b[22m\n\u001b[2m     \u001b[90m 23 |\u001b[39m\u001b[0m\u001b[22m\n\u001b[2m\u001b[22m\n\u001b[2m      \u001b[2mat Object.toBe (C:\\Users\\ilove\\Desktop\\sparta\\javascript-problem-bank\\__test__do_not_edit\\part2\\05.응용\\(lv.4)\u001b[22m\u001b[2m파일-경로-정규화.test.js\u001b[2m:20:35)\u001b[22m\u001b[2m\u001b[22m\n\n\u001b[1m\u001b[31m  \u001b[1m● \u001b[22m\u001b[1m(lv.4)파일-경로-정규화.js 테스트 › 끝 '/'가 있으면 유지해야 한다 (단, 루트 '/'는 예외).\u001b[39m\u001b[22m\n\n    \u001b[2mexpect(\u001b[22m\u001b[31mreceived\u001b[39m\u001b[2m).\u001b[22mtoBe\u001b[2m(\u001b[22m\u001b[32mexpected\u001b[39m\u001b[2m) // Object.is equality\u001b[22m\n\n    Expected: \u001b[32m\"/a/b/\"\u001b[39m\n    Received: \u001b[31mundefined\u001b[39m\n\u001b[2m\u001b[22m\n\u001b[2m    \u001b[0m \u001b[90m 23 |\u001b[39m\u001b[22m\n\u001b[2m     \u001b[90m 24 |\u001b[39m   it(\u001b[32m\"끝 '/'가 있으면 유지해야 한다 (단, 루트 '/'는 예외).\"\u001b[39m\u001b[33m,\u001b[39m () \u001b[33m=>\u001b[39m {\u001b[22m\n\u001b[2m    \u001b[31m\u001b[1m>\u001b[22m\u001b[2m\u001b[39m\u001b[90m 25 |\u001b[39m     expect(normalizePath(\u001b[32m\"/a/b/\"\u001b[39m))\u001b[33m.\u001b[39mtoBe(\u001b[32m\"/a/b/\"\u001b[39m)\u001b[33m;\u001b[39m\u001b[22m\n\u001b[2m     \u001b[90m    |\u001b[39m                                    \u001b[31m\u001b[1m^\u001b[22m\u001b[2m\u001b[39m\u001b[22m\n\u001b[2m     \u001b[90m 26 |\u001b[39m     expect(normalizePath(\u001b[32m\"a/b/\"\u001b[39m))\u001b[33m.\u001b[39mtoBe(\u001b[32m\"a/b/\"\u001b[39m)\u001b[33m;\u001b[39m\u001b[22m\n\u001b[2m     \u001b[90m 27 |\u001b[39m     \u001b[90m// 루트 \"/\"는 이미 끝, 그대로 \"/\"\u001b[39m\u001b[22m\n\u001b[2m     \u001b[90m 28 |\u001b[39m     expect(normalizePath(\u001b[32m\"/./\"\u001b[39m))\u001b[33m.\u001b[39mtoBe(\u001b[32m\"/\"\u001b[39m)\u001b[33m;\u001b[39m\u001b[0m\u001b[22m\n\u001b[2m\u001b[22m\n\u001b[2m      \u001b[2mat Object.toBe (C:\\Users\\ilove\\Desktop\\sparta\\javascript-problem-bank\\__test__do_not_edit\\part2\\05.응용\\(lv.4)\u001b[22m\u001b[2m파일-경로-정규화.test.js\u001b[2m:25:36)\u001b[22m\u001b[2m\u001b[22m\n\n\u001b[1m\u001b[31m  \u001b[1m● \u001b[22m\u001b[1m(lv.4)파일-경로-정규화.js 테스트 › 상위 폴더를 계속 올려도 루트 이상은 처리하지 않는다 (이 예시는 현재 구현에서 무시).\u001b[39m\u001b[22m\n\n    \u001b[2mexpect(\u001b[22m\u001b[31mreceived\u001b[39m\u001b[2m).\u001b[22mtoBe\u001b[2m(\u001b[22m\u001b[32mexpected\u001b[39m\u001b[2m) // Object.is equality\u001b[22m\n\n    Expected: \u001b[32m\"/\"\u001b[39m\n    Received: \u001b[31mundefined\u001b[39m\n\u001b[2m\u001b[22m\n\u001b[2m    \u001b[0m \u001b[90m 31 |\u001b[39m   it(\u001b[32m\"상위 폴더를 계속 올려도 루트 이상은 처리하지 않는다 (이 예시는 현재 구현에서 무시).\"\u001b[39m\u001b[33m,\u001b[39m () \u001b[33m=>\u001b[39m {\u001b[22m\n\u001b[2m     \u001b[90m 32 |\u001b[39m     \u001b[90m// 예: \"/../../..\" -> \"/\"\u001b[39m\u001b[22m\n\u001b[2m    \u001b[31m\u001b[1m>\u001b[22m\u001b[2m\u001b[39m\u001b[90m 33 |\u001b[39m     expect(normalizePath(\u001b[32m\"/../../..\"\u001b[39m))\u001b[33m.\u001b[39mtoBe(\u001b[32m\"/\"\u001b[39m)\u001b[33m;\u001b[39m\u001b[22m\n\u001b[2m     \u001b[90m    |\u001b[39m                                        \u001b[31m\u001b[1m^\u001b[22m\u001b[2m\u001b[39m\u001b[22m\n\u001b[2m     \u001b[90m 34 |\u001b[39m   })\u001b[33m;\u001b[39m\u001b[22m\n\u001b[2m     \u001b[90m 35 |\u001b[39m })\u001b[33m;\u001b[39m\u001b[22m\n\u001b[2m     \u001b[90m 36 |\u001b[39m\u001b[0m\u001b[22m\n\u001b[2m\u001b[22m\n\u001b[2m      \u001b[2mat Object.toBe (C:\\Users\\ilove\\Desktop\\sparta\\javascript-problem-bank\\__test__do_not_edit\\part2\\05.응용\\(lv.4)\u001b[22m\u001b[2m파일-경로-정규화.test.js\u001b[2m:33:40)\u001b[22m\u001b[2m\u001b[22m\n","name":"C:\\Users\\ilove\\Desktop\\sparta\\javascript-problem-bank\\__test__do_not_edit\\part2\\05.응용\\(lv.4)파일-경로-정규화.test.js","startTime":1738890640710,"status":"failed","summary":""},{"assertionResults":[{"ancestorTitles":["(lv.4)복잡한-데이터-필터링.js 테스트"],"duration":15,"failureDetails":[{"matcherResult":{"expected":[{"id":1,"tags":["React"],"info":{"likes":50,"active":true}},{"id":2,"tags":["Node.js"],"info":{"likes":10,"active":false}}],"message":"\u001b[2mexpect(\u001b[22m\u001b[31mreceived\u001b[39m\u001b[2m).\u001b[22mtoEqual\u001b[2m(\u001b[22m\u001b[32mexpected\u001b[39m\u001b[2m) // deep equality\u001b[22m\n\nExpected: \u001b[32m[{\"id\": 1, \"info\": {\"active\": true, \"likes\": 50}, \"tags\": [\"React\"]}, {\"id\": 2, \"info\": {\"active\": false, \"likes\": 10}, \"tags\": [\"Node.js\"]}]\u001b[39m\nReceived: \u001b[31mundefined\u001b[39m","name":"toEqual","pass":false}}],"failureMessages":["Error: \u001b[2mexpect(\u001b[22m\u001b[31mreceived\u001b[39m\u001b[2m).\u001b[22mtoEqual\u001b[2m(\u001b[22m\u001b[32mexpected\u001b[39m\u001b[2m) // deep equality\u001b[22m\n\nExpected: \u001b[32m[{\"id\": 1, \"info\": {\"active\": true, \"likes\": 50}, \"tags\": [\"React\"]}, {\"id\": 2, \"info\": {\"active\": false, \"likes\": 10}, \"tags\": [\"Node.js\"]}]\u001b[39m\nReceived: \u001b[31mundefined\u001b[39m\n    at Object.toEqual (C:\\Users\\ilove\\Desktop\\sparta\\javascript-problem-bank\\__test__do_not_edit\\part2\\05.응용\\(lv.4)복잡한-데이터-필터링.test.js:10:20)\n    at Promise.then.completed (C:\\Users\\ilove\\Desktop\\sparta\\javascript-problem-bank\\node_modules\\jest-circus\\build\\utils.js:298:28)\n    at new Promise (<anonymous>)\n    at callAsyncCircusFn (C:\\Users\\ilove\\Desktop\\sparta\\javascript-problem-bank\\node_modules\\jest-circus\\build\\utils.js:231:10)\n    at _callCircusTest (C:\\Users\\ilove\\Desktop\\sparta\\javascript-problem-bank\\node_modules\\jest-circus\\build\\run.js:316:40)\n    at _runTest (C:\\Users\\ilove\\Desktop\\sparta\\javascript-problem-bank\\node_modules\\jest-circus\\build\\run.js:252:3)\n    at _runTestsForDescribeBlock (C:\\Users\\ilove\\Desktop\\sparta\\javascript-problem-bank\\node_modules\\jest-circus\\build\\run.js:126:9)\n    at _runTestsForDescribeBlock (C:\\Users\\ilove\\Desktop\\sparta\\javascript-problem-bank\\node_modules\\jest-circus\\build\\run.js:121:9)\n    at run (C:\\Users\\ilove\\Desktop\\sparta\\javascript-problem-bank\\node_modules\\jest-circus\\build\\run.js:71:3)\n    at runAndTransformResultsToJestFormat (C:\\Users\\ilove\\Desktop\\sparta\\javascript-problem-bank\\node_modules\\jest-circus\\build\\legacy-code-todo-rewrite\\jestAdapterInit.js:122:21)\n    at jestAdapter (C:\\Users\\ilove\\Desktop\\sparta\\javascript-problem-bank\\node_modules\\jest-circus\\build\\legacy-code-todo-rewrite\\jestAdapter.js:79:19)\n    at runTestInternal (C:\\Users\\ilove\\Desktop\\sparta\\javascript-problem-bank\\node_modules\\jest-runner\\build\\runTest.js:367:16)\n    at runTest (C:\\Users\\ilove\\Desktop\\sparta\\javascript-problem-bank\\node_modules\\jest-runner\\build\\runTest.js:444:34)\n    at Object.worker (C:\\Users\\ilove\\Desktop\\sparta\\javascript-problem-bank\\node_modules\\jest-runner\\build\\testWorker.js:106:12)"],"fullName":"(lv.4)복잡한-데이터-필터링.js 테스트 조건이 없으면 전체 데이터를 반환해야 한다.","invocations":1,"location":null,"numPassingAsserts":0,"retryReasons":[],"status":"failed","title":"조건이 없으면 전체 데이터를 반환해야 한다."},{"ancestorTitles":["(lv.4)복잡한-데이터-필터링.js 테스트"],"duration":1,"failureDetails":[{"matcherResult":{"expected":[{"id":1,"tags":["React","JavaScript"],"info":{"likes":100,"active":true}},{"id":3,"tags":["JavaScript"],"info":{"likes":70,"active":true}}],"message":"\u001b[2mexpect(\u001b[22m\u001b[31mreceived\u001b[39m\u001b[2m).\u001b[22mtoEqual\u001b[2m(\u001b[22m\u001b[32mexpected\u001b[39m\u001b[2m) // deep equality\u001b[22m\n\nExpected: \u001b[32m[{\"id\": 1, \"info\": {\"active\": true, \"likes\": 100}, \"tags\": [\"React\", \"JavaScript\"]}, {\"id\": 3, \"info\": {\"active\": true, \"likes\": 70}, \"tags\": [\"JavaScript\"]}]\u001b[39m\nReceived: \u001b[31mundefined\u001b[39m","name":"toEqual","pass":false}}],"failureMessages":["Error: \u001b[2mexpect(\u001b[22m\u001b[31mreceived\u001b[39m\u001b[2m).\u001b[22mtoEqual\u001b[2m(\u001b[22m\u001b[32mexpected\u001b[39m\u001b[2m) // deep equality\u001b[22m\n\nExpected: \u001b[32m[{\"id\": 1, \"info\": {\"active\": true, \"likes\": 100}, \"tags\": [\"React\", \"JavaScript\"]}, {\"id\": 3, \"info\": {\"active\": true, \"likes\": 70}, \"tags\": [\"JavaScript\"]}]\u001b[39m\nReceived: \u001b[31mundefined\u001b[39m\n    at Object.toEqual (C:\\Users\\ilove\\Desktop\\sparta\\javascript-problem-bank\\__test__do_not_edit\\part2\\05.응용\\(lv.4)복잡한-데이터-필터링.test.js:25:20)\n    at Promise.then.completed (C:\\Users\\ilove\\Desktop\\sparta\\javascript-problem-bank\\node_modules\\jest-circus\\build\\utils.js:298:28)\n    at new Promise (<anonymous>)\n    at callAsyncCircusFn (C:\\Users\\ilove\\Desktop\\sparta\\javascript-problem-bank\\node_modules\\jest-circus\\build\\utils.js:231:10)\n    at _callCircusTest (C:\\Users\\ilove\\Desktop\\sparta\\javascript-problem-bank\\node_modules\\jest-circus\\build\\run.js:316:40)\n    at _runTest (C:\\Users\\ilove\\Desktop\\sparta\\javascript-problem-bank\\node_modules\\jest-circus\\build\\run.js:252:3)\n    at _runTestsForDescribeBlock (C:\\Users\\ilove\\Desktop\\sparta\\javascript-problem-bank\\node_modules\\jest-circus\\build\\run.js:126:9)\n    at _runTestsForDescribeBlock (C:\\Users\\ilove\\Desktop\\sparta\\javascript-problem-bank\\node_modules\\jest-circus\\build\\run.js:121:9)\n    at run (C:\\Users\\ilove\\Desktop\\sparta\\javascript-problem-bank\\node_modules\\jest-circus\\build\\run.js:71:3)\n    at runAndTransformResultsToJestFormat (C:\\Users\\ilove\\Desktop\\sparta\\javascript-problem-bank\\node_modules\\jest-circus\\build\\legacy-code-todo-rewrite\\jestAdapterInit.js:122:21)\n    at jestAdapter (C:\\Users\\ilove\\Desktop\\sparta\\javascript-problem-bank\\node_modules\\jest-circus\\build\\legacy-code-todo-rewrite\\jestAdapter.js:79:19)\n    at runTestInternal (C:\\Users\\ilove\\Desktop\\sparta\\javascript-problem-bank\\node_modules\\jest-runner\\build\\runTest.js:367:16)\n    at runTest (C:\\Users\\ilove\\Desktop\\sparta\\javascript-problem-bank\\node_modules\\jest-runner\\build\\runTest.js:444:34)\n    at Object.worker (C:\\Users\\ilove\\Desktop\\sparta\\javascript-problem-bank\\node_modules\\jest-runner\\build\\testWorker.js:106:12)"],"fullName":"(lv.4)복잡한-데이터-필터링.js 테스트 단일 조건(tags)을 만족하는 데이터만 필터링해야 한다.","invocations":1,"location":null,"numPassingAsserts":0,"retryReasons":[],"status":"failed","title":"단일 조건(tags)을 만족하는 데이터만 필터링해야 한다."},{"ancestorTitles":["(lv.4)복잡한-데이터-필터링.js 테스트"],"duration":1,"failureDetails":[{"matcherResult":{"expected":[{"id":1,"tags":["React"],"info":{"likes":100,"active":true}},{"id":3,"tags":["JavaScript"],"info":{"likes":80,"active":true}}],"message":"\u001b[2mexpect(\u001b[22m\u001b[31mreceived\u001b[39m\u001b[2m).\u001b[22mtoEqual\u001b[2m(\u001b[22m\u001b[32mexpected\u001b[39m\u001b[2m) // deep equality\u001b[22m\n\nExpected: \u001b[32m[{\"id\": 1, \"info\": {\"active\": true, \"likes\": 100}, \"tags\": [\"React\"]}, {\"id\": 3, \"info\": {\"active\": true, \"likes\": 80}, \"tags\": [\"JavaScript\"]}]\u001b[39m\nReceived: \u001b[31mundefined\u001b[39m","name":"toEqual","pass":false}}],"failureMessages":["Error: \u001b[2mexpect(\u001b[22m\u001b[31mreceived\u001b[39m\u001b[2m).\u001b[22mtoEqual\u001b[2m(\u001b[22m\u001b[32mexpected\u001b[39m\u001b[2m) // deep equality\u001b[22m\n\nExpected: \u001b[32m[{\"id\": 1, \"info\": {\"active\": true, \"likes\": 100}, \"tags\": [\"React\"]}, {\"id\": 3, \"info\": {\"active\": true, \"likes\": 80}, \"tags\": [\"JavaScript\"]}]\u001b[39m\nReceived: \u001b[31mundefined\u001b[39m\n    at Object.toEqual (C:\\Users\\ilove\\Desktop\\sparta\\javascript-problem-bank\\__test__do_not_edit\\part2\\05.응용\\(lv.4)복잡한-데이터-필터링.test.js:43:20)\n    at Promise.then.completed (C:\\Users\\ilove\\Desktop\\sparta\\javascript-problem-bank\\node_modules\\jest-circus\\build\\utils.js:298:28)\n    at new Promise (<anonymous>)\n    at callAsyncCircusFn (C:\\Users\\ilove\\Desktop\\sparta\\javascript-problem-bank\\node_modules\\jest-circus\\build\\utils.js:231:10)\n    at _callCircusTest (C:\\Users\\ilove\\Desktop\\sparta\\javascript-problem-bank\\node_modules\\jest-circus\\build\\run.js:316:40)\n    at _runTest (C:\\Users\\ilove\\Desktop\\sparta\\javascript-problem-bank\\node_modules\\jest-circus\\build\\run.js:252:3)\n    at _runTestsForDescribeBlock (C:\\Users\\ilove\\Desktop\\sparta\\javascript-problem-bank\\node_modules\\jest-circus\\build\\run.js:126:9)\n    at _runTestsForDescribeBlock (C:\\Users\\ilove\\Desktop\\sparta\\javascript-problem-bank\\node_modules\\jest-circus\\build\\run.js:121:9)\n    at run (C:\\Users\\ilove\\Desktop\\sparta\\javascript-problem-bank\\node_modules\\jest-circus\\build\\run.js:71:3)\n    at runAndTransformResultsToJestFormat (C:\\Users\\ilove\\Desktop\\sparta\\javascript-problem-bank\\node_modules\\jest-circus\\build\\legacy-code-todo-rewrite\\jestAdapterInit.js:122:21)\n    at jestAdapter (C:\\Users\\ilove\\Desktop\\sparta\\javascript-problem-bank\\node_modules\\jest-circus\\build\\legacy-code-todo-rewrite\\jestAdapter.js:79:19)\n    at runTestInternal (C:\\Users\\ilove\\Desktop\\sparta\\javascript-problem-bank\\node_modules\\jest-runner\\build\\runTest.js:367:16)\n    at runTest (C:\\Users\\ilove\\Desktop\\sparta\\javascript-problem-bank\\node_modules\\jest-runner\\build\\runTest.js:444:34)\n    at Object.worker (C:\\Users\\ilove\\Desktop\\sparta\\javascript-problem-bank\\node_modules\\jest-runner\\build\\testWorker.js:106:12)"],"fullName":"(lv.4)복잡한-데이터-필터링.js 테스트 중첩된 프로퍼티(info.active) 조건도 필터링해야 한다.","invocations":1,"location":null,"numPassingAsserts":0,"retryReasons":[],"status":"failed","title":"중첩된 프로퍼티(info.active) 조건도 필터링해야 한다."},{"ancestorTitles":["(lv.4)복잡한-데이터-필터링.js 테스트"],"duration":1,"failureDetails":[{"matcherResult":{"expected":[{"id":1,"tags":["React","JavaScript"],"info":{"likes":100,"active":true}},{"id":3,"tags":["JavaScript"],"info":{"likes":70,"active":true}}],"message":"\u001b[2mexpect(\u001b[22m\u001b[31mreceived\u001b[39m\u001b[2m).\u001b[22mtoEqual\u001b[2m(\u001b[22m\u001b[32mexpected\u001b[39m\u001b[2m) // deep equality\u001b[22m\n\nExpected: \u001b[32m[{\"id\": 1, \"info\": {\"active\": true, \"likes\": 100}, \"tags\": [\"React\", \"JavaScript\"]}, {\"id\": 3, \"info\": {\"active\": true, \"likes\": 70}, \"tags\": [\"JavaScript\"]}]\u001b[39m\nReceived: \u001b[31mundefined\u001b[39m","name":"toEqual","pass":false}}],"failureMessages":["Error: \u001b[2mexpect(\u001b[22m\u001b[31mreceived\u001b[39m\u001b[2m).\u001b[22mtoEqual\u001b[2m(\u001b[22m\u001b[32mexpected\u001b[39m\u001b[2m) // deep equality\u001b[22m\n\nExpected: \u001b[32m[{\"id\": 1, \"info\": {\"active\": true, \"likes\": 100}, \"tags\": [\"React\", \"JavaScript\"]}, {\"id\": 3, \"info\": {\"active\": true, \"likes\": 70}, \"tags\": [\"JavaScript\"]}]\u001b[39m\nReceived: \u001b[31mundefined\u001b[39m\n    at Object.toEqual (C:\\Users\\ilove\\Desktop\\sparta\\javascript-problem-bank\\__test__do_not_edit\\part2\\05.응용\\(lv.4)복잡한-데이터-필터링.test.js:66:20)\n    at Promise.then.completed (C:\\Users\\ilove\\Desktop\\sparta\\javascript-problem-bank\\node_modules\\jest-circus\\build\\utils.js:298:28)\n    at new Promise (<anonymous>)\n    at callAsyncCircusFn (C:\\Users\\ilove\\Desktop\\sparta\\javascript-problem-bank\\node_modules\\jest-circus\\build\\utils.js:231:10)\n    at _callCircusTest (C:\\Users\\ilove\\Desktop\\sparta\\javascript-problem-bank\\node_modules\\jest-circus\\build\\run.js:316:40)\n    at _runTest (C:\\Users\\ilove\\Desktop\\sparta\\javascript-problem-bank\\node_modules\\jest-circus\\build\\run.js:252:3)\n    at _runTestsForDescribeBlock (C:\\Users\\ilove\\Desktop\\sparta\\javascript-problem-bank\\node_modules\\jest-circus\\build\\run.js:126:9)\n    at _runTestsForDescribeBlock (C:\\Users\\ilove\\Desktop\\sparta\\javascript-problem-bank\\node_modules\\jest-circus\\build\\run.js:121:9)\n    at run (C:\\Users\\ilove\\Desktop\\sparta\\javascript-problem-bank\\node_modules\\jest-circus\\build\\run.js:71:3)\n    at runAndTransformResultsToJestFormat (C:\\Users\\ilove\\Desktop\\sparta\\javascript-problem-bank\\node_modules\\jest-circus\\build\\legacy-code-todo-rewrite\\jestAdapterInit.js:122:21)\n    at jestAdapter (C:\\Users\\ilove\\Desktop\\sparta\\javascript-problem-bank\\node_modules\\jest-circus\\build\\legacy-code-todo-rewrite\\jestAdapter.js:79:19)\n    at runTestInternal (C:\\Users\\ilove\\Desktop\\sparta\\javascript-problem-bank\\node_modules\\jest-runner\\build\\runTest.js:367:16)\n    at runTest (C:\\Users\\ilove\\Desktop\\sparta\\javascript-problem-bank\\node_modules\\jest-runner\\build\\runTest.js:444:34)\n    at Object.worker (C:\\Users\\ilove\\Desktop\\sparta\\javascript-problem-bank\\node_modules\\jest-runner\\build\\testWorker.js:106:12)"],"fullName":"(lv.4)복잡한-데이터-필터링.js 테스트 여러 조건(tags + info.active)을 모두 만족해야 한다.","invocations":1,"location":null,"numPassingAsserts":0,"retryReasons":[],"status":"failed","title":"여러 조건(tags + info.active)을 모두 만족해야 한다."},{"ancestorTitles":["(lv.4)복잡한-데이터-필터링.js 테스트"],"duration":1,"failureDetails":[{"matcherResult":{"expected":[],"message":"\u001b[2mexpect(\u001b[22m\u001b[31mreceived\u001b[39m\u001b[2m).\u001b[22mtoEqual\u001b[2m(\u001b[22m\u001b[32mexpected\u001b[39m\u001b[2m) // deep equality\u001b[22m\n\nExpected: \u001b[32m[]\u001b[39m\nReceived: \u001b[31mundefined\u001b[39m","name":"toEqual","pass":false}}],"failureMessages":["Error: \u001b[2mexpect(\u001b[22m\u001b[31mreceived\u001b[39m\u001b[2m).\u001b[22mtoEqual\u001b[2m(\u001b[22m\u001b[32mexpected\u001b[39m\u001b[2m) // deep equality\u001b[22m\n\nExpected: \u001b[32m[]\u001b[39m\nReceived: \u001b[31mundefined\u001b[39m\n    at Object.toEqual (C:\\Users\\ilove\\Desktop\\sparta\\javascript-problem-bank\\__test__do_not_edit\\part2\\05.응용\\(lv.4)복잡한-데이터-필터링.test.js:83:20)\n    at Promise.then.completed (C:\\Users\\ilove\\Desktop\\sparta\\javascript-problem-bank\\node_modules\\jest-circus\\build\\utils.js:298:28)\n    at new Promise (<anonymous>)\n    at callAsyncCircusFn (C:\\Users\\ilove\\Desktop\\sparta\\javascript-problem-bank\\node_modules\\jest-circus\\build\\utils.js:231:10)\n    at _callCircusTest (C:\\Users\\ilove\\Desktop\\sparta\\javascript-problem-bank\\node_modules\\jest-circus\\build\\run.js:316:40)\n    at _runTest (C:\\Users\\ilove\\Desktop\\sparta\\javascript-problem-bank\\node_modules\\jest-circus\\build\\run.js:252:3)\n    at _runTestsForDescribeBlock (C:\\Users\\ilove\\Desktop\\sparta\\javascript-problem-bank\\node_modules\\jest-circus\\build\\run.js:126:9)\n    at _runTestsForDescribeBlock (C:\\Users\\ilove\\Desktop\\sparta\\javascript-problem-bank\\node_modules\\jest-circus\\build\\run.js:121:9)\n    at run (C:\\Users\\ilove\\Desktop\\sparta\\javascript-problem-bank\\node_modules\\jest-circus\\build\\run.js:71:3)\n    at runAndTransformResultsToJestFormat (C:\\Users\\ilove\\Desktop\\sparta\\javascript-problem-bank\\node_modules\\jest-circus\\build\\legacy-code-todo-rewrite\\jestAdapterInit.js:122:21)\n    at jestAdapter (C:\\Users\\ilove\\Desktop\\sparta\\javascript-problem-bank\\node_modules\\jest-circus\\build\\legacy-code-todo-rewrite\\jestAdapter.js:79:19)\n    at runTestInternal (C:\\Users\\ilove\\Desktop\\sparta\\javascript-problem-bank\\node_modules\\jest-runner\\build\\runTest.js:367:16)\n    at runTest (C:\\Users\\ilove\\Desktop\\sparta\\javascript-problem-bank\\node_modules\\jest-runner\\build\\runTest.js:444:34)\n    at Object.worker (C:\\Users\\ilove\\Desktop\\sparta\\javascript-problem-bank\\node_modules\\jest-runner\\build\\testWorker.js:106:12)"],"fullName":"(lv.4)복잡한-데이터-필터링.js 테스트 조건을 만족하는 데이터가 없으면 빈 배열을 반환해야 한다.","invocations":1,"location":null,"numPassingAsserts":0,"retryReasons":[],"status":"failed","title":"조건을 만족하는 데이터가 없으면 빈 배열을 반환해야 한다."}],"endTime":1738890642471,"message":"\u001b[1m\u001b[31m  \u001b[1m● \u001b[22m\u001b[1m(lv.4)복잡한-데이터-필터링.js 테스트 › 조건이 없으면 전체 데이터를 반환해야 한다.\u001b[39m\u001b[22m\n\n    \u001b[2mexpect(\u001b[22m\u001b[31mreceived\u001b[39m\u001b[2m).\u001b[22mtoEqual\u001b[2m(\u001b[22m\u001b[32mexpected\u001b[39m\u001b[2m) // deep equality\u001b[22m\n\n    Expected: \u001b[32m[{\"id\": 1, \"info\": {\"active\": true, \"likes\": 50}, \"tags\": [\"React\"]}, {\"id\": 2, \"info\": {\"active\": false, \"likes\": 10}, \"tags\": [\"Node.js\"]}]\u001b[39m\n    Received: \u001b[31mundefined\u001b[39m\n\u001b[2m\u001b[22m\n\u001b[2m    \u001b[0m \u001b[90m  8 |\u001b[39m     ]\u001b[33m;\u001b[39m\u001b[22m\n\u001b[2m     \u001b[90m  9 |\u001b[39m     \u001b[36mconst\u001b[39m result \u001b[33m=\u001b[39m filterComplexData(data\u001b[33m,\u001b[39m {})\u001b[33m;\u001b[39m\u001b[22m\n\u001b[2m    \u001b[31m\u001b[1m>\u001b[22m\u001b[2m\u001b[39m\u001b[90m 10 |\u001b[39m     expect(result)\u001b[33m.\u001b[39mtoEqual(data)\u001b[33m;\u001b[39m\u001b[22m\n\u001b[2m     \u001b[90m    |\u001b[39m                    \u001b[31m\u001b[1m^\u001b[22m\u001b[2m\u001b[39m\u001b[22m\n\u001b[2m     \u001b[90m 11 |\u001b[39m   })\u001b[33m;\u001b[39m\u001b[22m\n\u001b[2m     \u001b[90m 12 |\u001b[39m\u001b[22m\n\u001b[2m     \u001b[90m 13 |\u001b[39m   it(\u001b[32m\"단일 조건(tags)을 만족하는 데이터만 필터링해야 한다.\"\u001b[39m\u001b[33m,\u001b[39m () \u001b[33m=>\u001b[39m {\u001b[0m\u001b[22m\n\u001b[2m\u001b[22m\n\u001b[2m      \u001b[2mat Object.toEqual (C:\\Users\\ilove\\Desktop\\sparta\\javascript-problem-bank\\__test__do_not_edit\\part2\\05.응용\\(lv.4)\u001b[22m\u001b[2m복잡한-데이터-필터링.test.js\u001b[2m:10:20)\u001b[22m\u001b[2m\u001b[22m\n\n\u001b[1m\u001b[31m  \u001b[1m● \u001b[22m\u001b[1m(lv.4)복잡한-데이터-필터링.js 테스트 › 단일 조건(tags)을 만족하는 데이터만 필터링해야 한다.\u001b[39m\u001b[22m\n\n    \u001b[2mexpect(\u001b[22m\u001b[31mreceived\u001b[39m\u001b[2m).\u001b[22mtoEqual\u001b[2m(\u001b[22m\u001b[32mexpected\u001b[39m\u001b[2m) // deep equality\u001b[22m\n\n    Expected: \u001b[32m[{\"id\": 1, \"info\": {\"active\": true, \"likes\": 100}, \"tags\": [\"React\", \"JavaScript\"]}, {\"id\": 3, \"info\": {\"active\": true, \"likes\": 70}, \"tags\": [\"JavaScript\"]}]\u001b[39m\n    Received: \u001b[31mundefined\u001b[39m\n\u001b[2m\u001b[22m\n\u001b[2m    \u001b[0m \u001b[90m 23 |\u001b[39m     \u001b[36mconst\u001b[39m conditions \u001b[33m=\u001b[39m { tags\u001b[33m:\u001b[39m \u001b[32m\"JavaScript\"\u001b[39m }\u001b[33m;\u001b[39m\u001b[22m\n\u001b[2m     \u001b[90m 24 |\u001b[39m     \u001b[36mconst\u001b[39m result \u001b[33m=\u001b[39m filterComplexData(data\u001b[33m,\u001b[39m conditions)\u001b[33m;\u001b[39m\u001b[22m\n\u001b[2m    \u001b[31m\u001b[1m>\u001b[22m\u001b[2m\u001b[39m\u001b[90m 25 |\u001b[39m     expect(result)\u001b[33m.\u001b[39mtoEqual([\u001b[22m\n\u001b[2m     \u001b[90m    |\u001b[39m                    \u001b[31m\u001b[1m^\u001b[22m\u001b[2m\u001b[39m\u001b[22m\n\u001b[2m     \u001b[90m 26 |\u001b[39m       {\u001b[22m\n\u001b[2m     \u001b[90m 27 |\u001b[39m         id\u001b[33m:\u001b[39m \u001b[35m1\u001b[39m\u001b[33m,\u001b[39m\u001b[22m\n\u001b[2m     \u001b[90m 28 |\u001b[39m         tags\u001b[33m:\u001b[39m [\u001b[32m\"React\"\u001b[39m\u001b[33m,\u001b[39m \u001b[32m\"JavaScript\"\u001b[39m]\u001b[33m,\u001b[39m\u001b[0m\u001b[22m\n\u001b[2m\u001b[22m\n\u001b[2m      \u001b[2mat Object.toEqual (C:\\Users\\ilove\\Desktop\\sparta\\javascript-problem-bank\\__test__do_not_edit\\part2\\05.응용\\(lv.4)\u001b[22m\u001b[2m복잡한-데이터-필터링.test.js\u001b[2m:25:20)\u001b[22m\u001b[2m\u001b[22m\n\n\u001b[1m\u001b[31m  \u001b[1m● \u001b[22m\u001b[1m(lv.4)복잡한-데이터-필터링.js 테스트 › 중첩된 프로퍼티(info.active) 조건도 필터링해야 한다.\u001b[39m\u001b[22m\n\n    \u001b[2mexpect(\u001b[22m\u001b[31mreceived\u001b[39m\u001b[2m).\u001b[22mtoEqual\u001b[2m(\u001b[22m\u001b[32mexpected\u001b[39m\u001b[2m) // deep equality\u001b[22m\n\n    Expected: \u001b[32m[{\"id\": 1, \"info\": {\"active\": true, \"likes\": 100}, \"tags\": [\"React\"]}, {\"id\": 3, \"info\": {\"active\": true, \"likes\": 80}, \"tags\": [\"JavaScript\"]}]\u001b[39m\n    Received: \u001b[31mundefined\u001b[39m\n\u001b[2m\u001b[22m\n\u001b[2m    \u001b[0m \u001b[90m 41 |\u001b[39m     \u001b[36mconst\u001b[39m conditions \u001b[33m=\u001b[39m { \u001b[32m\"info.active\"\u001b[39m\u001b[33m:\u001b[39m \u001b[36mtrue\u001b[39m }\u001b[33m;\u001b[39m\u001b[22m\n\u001b[2m     \u001b[90m 42 |\u001b[39m     \u001b[36mconst\u001b[39m result \u001b[33m=\u001b[39m filterComplexData(data\u001b[33m,\u001b[39m conditions)\u001b[33m;\u001b[39m\u001b[22m\n\u001b[2m    \u001b[31m\u001b[1m>\u001b[22m\u001b[2m\u001b[39m\u001b[90m 43 |\u001b[39m     expect(result)\u001b[33m.\u001b[39mtoEqual([\u001b[22m\n\u001b[2m     \u001b[90m    |\u001b[39m                    \u001b[31m\u001b[1m^\u001b[22m\u001b[2m\u001b[39m\u001b[22m\n\u001b[2m     \u001b[90m 44 |\u001b[39m       { id\u001b[33m:\u001b[39m \u001b[35m1\u001b[39m\u001b[33m,\u001b[39m tags\u001b[33m:\u001b[39m [\u001b[32m\"React\"\u001b[39m]\u001b[33m,\u001b[39m info\u001b[33m:\u001b[39m { likes\u001b[33m:\u001b[39m \u001b[35m100\u001b[39m\u001b[33m,\u001b[39m active\u001b[33m:\u001b[39m \u001b[36mtrue\u001b[39m } }\u001b[33m,\u001b[39m\u001b[22m\n\u001b[2m     \u001b[90m 45 |\u001b[39m       { id\u001b[33m:\u001b[39m \u001b[35m3\u001b[39m\u001b[33m,\u001b[39m tags\u001b[33m:\u001b[39m [\u001b[32m\"JavaScript\"\u001b[39m]\u001b[33m,\u001b[39m info\u001b[33m:\u001b[39m { likes\u001b[33m:\u001b[39m \u001b[35m80\u001b[39m\u001b[33m,\u001b[39m active\u001b[33m:\u001b[39m \u001b[36mtrue\u001b[39m } }\u001b[33m,\u001b[39m\u001b[22m\n\u001b[2m     \u001b[90m 46 |\u001b[39m     ])\u001b[33m;\u001b[39m\u001b[0m\u001b[22m\n\u001b[2m\u001b[22m\n\u001b[2m      \u001b[2mat Object.toEqual (C:\\Users\\ilove\\Desktop\\sparta\\javascript-problem-bank\\__test__do_not_edit\\part2\\05.응용\\(lv.4)\u001b[22m\u001b[2m복잡한-데이터-필터링.test.js\u001b[2m:43:20)\u001b[22m\u001b[2m\u001b[22m\n\n\u001b[1m\u001b[31m  \u001b[1m● \u001b[22m\u001b[1m(lv.4)복잡한-데이터-필터링.js 테스트 › 여러 조건(tags + info.active)을 모두 만족해야 한다.\u001b[39m\u001b[22m\n\n    \u001b[2mexpect(\u001b[22m\u001b[31mreceived\u001b[39m\u001b[2m).\u001b[22mtoEqual\u001b[2m(\u001b[22m\u001b[32mexpected\u001b[39m\u001b[2m) // deep equality\u001b[22m\n\n    Expected: \u001b[32m[{\"id\": 1, \"info\": {\"active\": true, \"likes\": 100}, \"tags\": [\"React\", \"JavaScript\"]}, {\"id\": 3, \"info\": {\"active\": true, \"likes\": 70}, \"tags\": [\"JavaScript\"]}]\u001b[39m\n    Received: \u001b[31mundefined\u001b[39m\n\u001b[2m\u001b[22m\n\u001b[2m    \u001b[0m \u001b[90m 64 |\u001b[39m     \u001b[36mconst\u001b[39m conditions \u001b[33m=\u001b[39m { tags\u001b[33m:\u001b[39m \u001b[32m\"JavaScript\"\u001b[39m\u001b[33m,\u001b[39m \u001b[32m\"info.active\"\u001b[39m\u001b[33m:\u001b[39m \u001b[36mtrue\u001b[39m }\u001b[33m;\u001b[39m\u001b[22m\n\u001b[2m     \u001b[90m 65 |\u001b[39m     \u001b[36mconst\u001b[39m result \u001b[33m=\u001b[39m filterComplexData(data\u001b[33m,\u001b[39m conditions)\u001b[33m;\u001b[39m\u001b[22m\n\u001b[2m    \u001b[31m\u001b[1m>\u001b[22m\u001b[2m\u001b[39m\u001b[90m 66 |\u001b[39m     expect(result)\u001b[33m.\u001b[39mtoEqual([\u001b[22m\n\u001b[2m     \u001b[90m    |\u001b[39m                    \u001b[31m\u001b[1m^\u001b[22m\u001b[2m\u001b[39m\u001b[22m\n\u001b[2m     \u001b[90m 67 |\u001b[39m       {\u001b[22m\n\u001b[2m     \u001b[90m 68 |\u001b[39m         id\u001b[33m:\u001b[39m \u001b[35m1\u001b[39m\u001b[33m,\u001b[39m\u001b[22m\n\u001b[2m     \u001b[90m 69 |\u001b[39m         tags\u001b[33m:\u001b[39m [\u001b[32m\"React\"\u001b[39m\u001b[33m,\u001b[39m \u001b[32m\"JavaScript\"\u001b[39m]\u001b[33m,\u001b[39m\u001b[0m\u001b[22m\n\u001b[2m\u001b[22m\n\u001b[2m      \u001b[2mat Object.toEqual (C:\\Users\\ilove\\Desktop\\sparta\\javascript-problem-bank\\__test__do_not_edit\\part2\\05.응용\\(lv.4)\u001b[22m\u001b[2m복잡한-데이터-필터링.test.js\u001b[2m:66:20)\u001b[22m\u001b[2m\u001b[22m\n\n\u001b[1m\u001b[31m  \u001b[1m● \u001b[22m\u001b[1m(lv.4)복잡한-데이터-필터링.js 테스트 › 조건을 만족하는 데이터가 없으면 빈 배열을 반환해야 한다.\u001b[39m\u001b[22m\n\n    \u001b[2mexpect(\u001b[22m\u001b[31mreceived\u001b[39m\u001b[2m).\u001b[22mtoEqual\u001b[2m(\u001b[22m\u001b[32mexpected\u001b[39m\u001b[2m) // deep equality\u001b[22m\n\n    Expected: \u001b[32m[]\u001b[39m\n    Received: \u001b[31mundefined\u001b[39m\n\u001b[2m\u001b[22m\n\u001b[2m    \u001b[0m \u001b[90m 81 |\u001b[39m     \u001b[36mconst\u001b[39m conditions \u001b[33m=\u001b[39m { tags\u001b[33m:\u001b[39m \u001b[32m\"JavaScript\"\u001b[39m }\u001b[33m;\u001b[39m\u001b[22m\n\u001b[2m     \u001b[90m 82 |\u001b[39m     \u001b[36mconst\u001b[39m result \u001b[33m=\u001b[39m filterComplexData(data\u001b[33m,\u001b[39m conditions)\u001b[33m;\u001b[39m\u001b[22m\n\u001b[2m    \u001b[31m\u001b[1m>\u001b[22m\u001b[2m\u001b[39m\u001b[90m 83 |\u001b[39m     expect(result)\u001b[33m.\u001b[39mtoEqual([])\u001b[33m;\u001b[39m\u001b[22m\n\u001b[2m     \u001b[90m    |\u001b[39m                    \u001b[31m\u001b[1m^\u001b[22m\u001b[2m\u001b[39m\u001b[22m\n\u001b[2m     \u001b[90m 84 |\u001b[39m   })\u001b[33m;\u001b[39m\u001b[22m\n\u001b[2m     \u001b[90m 85 |\u001b[39m })\u001b[33m;\u001b[39m\u001b[22m\n\u001b[2m     \u001b[90m 86 |\u001b[39m\u001b[0m\u001b[22m\n\u001b[2m\u001b[22m\n\u001b[2m      \u001b[2mat Object.toEqual (C:\\Users\\ilove\\Desktop\\sparta\\javascript-problem-bank\\__test__do_not_edit\\part2\\05.응용\\(lv.4)\u001b[22m\u001b[2m복잡한-데이터-필터링.test.js\u001b[2m:83:20)\u001b[22m\u001b[2m\u001b[22m\n","name":"C:\\Users\\ilove\\Desktop\\sparta\\javascript-problem-bank\\__test__do_not_edit\\part2\\05.응용\\(lv.4)복잡한-데이터-필터링.test.js","startTime":1738890640711,"status":"failed","summary":""},{"assertionResults":[{"ancestorTitles":["(lv.3)retry.js 테스트"],"duration":4,"failureDetails":[{"matcherResult":{"expected":"success","message":"\u001b[2mexpect(\u001b[22m\u001b[31mreceived\u001b[39m\u001b[2m).\u001b[22mtoBe\u001b[2m(\u001b[22m\u001b[32mexpected\u001b[39m\u001b[2m) // Object.is equality\u001b[22m\n\nExpected: \u001b[32m\"success\"\u001b[39m\nReceived: \u001b[31mundefined\u001b[39m","name":"toBe","pass":false}}],"failureMessages":["Error: \u001b[2mexpect(\u001b[22m\u001b[31mreceived\u001b[39m\u001b[2m).\u001b[22mtoBe\u001b[2m(\u001b[22m\u001b[32mexpected\u001b[39m\u001b[2m) // Object.is equality\u001b[22m\n\nExpected: \u001b[32m\"success\"\u001b[39m\nReceived: \u001b[31mundefined\u001b[39m\n    at Object.toBe (C:\\Users\\ilove\\Desktop\\sparta\\javascript-problem-bank\\__test__do_not_edit\\part2\\03.비동기\\(lv.5)retry.test.js:11:20)\n    at processTicksAndRejections (node:internal/process/task_queues:95:5)"],"fullName":"(lv.3)retry.js 테스트 성공 시, 즉시 resolve되어야 한다.","invocations":1,"location":null,"numPassingAsserts":0,"retryReasons":[],"status":"failed","title":"성공 시, 즉시 resolve되어야 한다."},{"ancestorTitles":["(lv.3)retry.js 테스트"],"duration":1,"failureDetails":[{"matcherResult":{"expected":"final-success","message":"\u001b[2mexpect(\u001b[22m\u001b[31mreceived\u001b[39m\u001b[2m).\u001b[22mtoBe\u001b[2m(\u001b[22m\u001b[32mexpected\u001b[39m\u001b[2m) // Object.is equality\u001b[22m\n\nExpected: \u001b[32m\"final-success\"\u001b[39m\nReceived: \u001b[31mundefined\u001b[39m","name":"toBe","pass":false}}],"failureMessages":["Error: \u001b[2mexpect(\u001b[22m\u001b[31mreceived\u001b[39m\u001b[2m).\u001b[22mtoBe\u001b[2m(\u001b[22m\u001b[32mexpected\u001b[39m\u001b[2m) // Object.is equality\u001b[22m\n\nExpected: \u001b[32m\"final-success\"\u001b[39m\nReceived: \u001b[31mundefined\u001b[39m\n    at Object.toBe (C:\\Users\\ilove\\Desktop\\sparta\\javascript-problem-bank\\__test__do_not_edit\\part2\\03.비동기\\(lv.5)retry.test.js:25:20)\n    at processTicksAndRejections (node:internal/process/task_queues:95:5)"],"fullName":"(lv.3)retry.js 테스트 최대 재시도 횟수 안에 성공하면, 성공 값을 resolve해야 한다.","invocations":1,"location":null,"numPassingAsserts":0,"retryReasons":[],"status":"failed","title":"최대 재시도 횟수 안에 성공하면, 성공 값을 resolve해야 한다."},{"ancestorTitles":["(lv.3)retry.js 테스트"],"duration":1,"failureDetails":[{}],"failureMessages":["Error: \u001b[2mexpect(\u001b[22m\u001b[31mreceived\u001b[39m\u001b[2m).\u001b[22mrejects\u001b[2m.\u001b[22mtoMatch\u001b[2m()\u001b[22m\n\n\u001b[1mMatcher error\u001b[22m: \u001b[31mreceived\u001b[39m value must be a promise or a function returning a promise\n\nReceived has value: \u001b[31mundefined\u001b[39m\n    at Object.toMatch (C:\\Users\\ilove\\Desktop\\sparta\\javascript-problem-bank\\node_modules\\expect\\build\\index.js:204:13)\n    at Object.toMatch (C:\\Users\\ilove\\Desktop\\sparta\\javascript-problem-bank\\__test__do_not_edit\\part2\\03.비동기\\(lv.5)retry.test.js:35:59)\n    at Promise.then.completed (C:\\Users\\ilove\\Desktop\\sparta\\javascript-problem-bank\\node_modules\\jest-circus\\build\\utils.js:298:28)\n    at new Promise (<anonymous>)\n    at callAsyncCircusFn (C:\\Users\\ilove\\Desktop\\sparta\\javascript-problem-bank\\node_modules\\jest-circus\\build\\utils.js:231:10)\n    at _callCircusTest (C:\\Users\\ilove\\Desktop\\sparta\\javascript-problem-bank\\node_modules\\jest-circus\\build\\run.js:316:40)\n    at processTicksAndRejections (node:internal/process/task_queues:95:5)\n    at _runTest (C:\\Users\\ilove\\Desktop\\sparta\\javascript-problem-bank\\node_modules\\jest-circus\\build\\run.js:252:3)\n    at _runTestsForDescribeBlock (C:\\Users\\ilove\\Desktop\\sparta\\javascript-problem-bank\\node_modules\\jest-circus\\build\\run.js:126:9)\n    at _runTestsForDescribeBlock (C:\\Users\\ilove\\Desktop\\sparta\\javascript-problem-bank\\node_modules\\jest-circus\\build\\run.js:121:9)\n    at run (C:\\Users\\ilove\\Desktop\\sparta\\javascript-problem-bank\\node_modules\\jest-circus\\build\\run.js:71:3)\n    at runAndTransformResultsToJestFormat (C:\\Users\\ilove\\Desktop\\sparta\\javascript-problem-bank\\node_modules\\jest-circus\\build\\legacy-code-todo-rewrite\\jestAdapterInit.js:122:21)\n    at jestAdapter (C:\\Users\\ilove\\Desktop\\sparta\\javascript-problem-bank\\node_modules\\jest-circus\\build\\legacy-code-todo-rewrite\\jestAdapter.js:79:19)\n    at runTestInternal (C:\\Users\\ilove\\Desktop\\sparta\\javascript-problem-bank\\node_modules\\jest-runner\\build\\runTest.js:367:16)\n    at runTest (C:\\Users\\ilove\\Desktop\\sparta\\javascript-problem-bank\\node_modules\\jest-runner\\build\\runTest.js:444:34)\n    at Object.worker (C:\\Users\\ilove\\Desktop\\sparta\\javascript-problem-bank\\node_modules\\jest-runner\\build\\testWorker.js:106:12)"],"fullName":"(lv.3)retry.js 테스트 모든 시도가 실패하면, 마지막 에러를 reject해야 한다.","invocations":1,"location":null,"numPassingAsserts":0,"retryReasons":[],"status":"failed","title":"모든 시도가 실패하면, 마지막 에러를 reject해야 한다."},{"ancestorTitles":["(lv.3)retry.js 테스트"],"duration":1,"failureDetails":[{}],"failureMessages":["Error: \u001b[2mexpect(\u001b[22m\u001b[31mreceived\u001b[39m\u001b[2m).\u001b[22mrejects\u001b[2m.\u001b[22mtoBe\u001b[2m()\u001b[22m\n\n\u001b[1mMatcher error\u001b[22m: \u001b[31mreceived\u001b[39m value must be a promise or a function returning a promise\n\nReceived has value: \u001b[31mundefined\u001b[39m\n    at Object.toBe (C:\\Users\\ilove\\Desktop\\sparta\\javascript-problem-bank\\node_modules\\expect\\build\\index.js:204:13)\n    at Object.toBe (C:\\Users\\ilove\\Desktop\\sparta\\javascript-problem-bank\\__test__do_not_edit\\part2\\03.비동기\\(lv.5)retry.test.js:45:59)\n    at Promise.then.completed (C:\\Users\\ilove\\Desktop\\sparta\\javascript-problem-bank\\node_modules\\jest-circus\\build\\utils.js:298:28)\n    at new Promise (<anonymous>)\n    at callAsyncCircusFn (C:\\Users\\ilove\\Desktop\\sparta\\javascript-problem-bank\\node_modules\\jest-circus\\build\\utils.js:231:10)\n    at _callCircusTest (C:\\Users\\ilove\\Desktop\\sparta\\javascript-problem-bank\\node_modules\\jest-circus\\build\\run.js:316:40)\n    at processTicksAndRejections (node:internal/process/task_queues:95:5)\n    at _runTest (C:\\Users\\ilove\\Desktop\\sparta\\javascript-problem-bank\\node_modules\\jest-circus\\build\\run.js:252:3)\n    at _runTestsForDescribeBlock (C:\\Users\\ilove\\Desktop\\sparta\\javascript-problem-bank\\node_modules\\jest-circus\\build\\run.js:126:9)\n    at _runTestsForDescribeBlock (C:\\Users\\ilove\\Desktop\\sparta\\javascript-problem-bank\\node_modules\\jest-circus\\build\\run.js:121:9)\n    at run (C:\\Users\\ilove\\Desktop\\sparta\\javascript-problem-bank\\node_modules\\jest-circus\\build\\run.js:71:3)\n    at runAndTransformResultsToJestFormat (C:\\Users\\ilove\\Desktop\\sparta\\javascript-problem-bank\\node_modules\\jest-circus\\build\\legacy-code-todo-rewrite\\jestAdapterInit.js:122:21)\n    at jestAdapter (C:\\Users\\ilove\\Desktop\\sparta\\javascript-problem-bank\\node_modules\\jest-circus\\build\\legacy-code-todo-rewrite\\jestAdapter.js:79:19)\n    at runTestInternal (C:\\Users\\ilove\\Desktop\\sparta\\javascript-problem-bank\\node_modules\\jest-runner\\build\\runTest.js:367:16)\n    at runTest (C:\\Users\\ilove\\Desktop\\sparta\\javascript-problem-bank\\node_modules\\jest-runner\\build\\runTest.js:444:34)\n    at Object.worker (C:\\Users\\ilove\\Desktop\\sparta\\javascript-problem-bank\\node_modules\\jest-runner\\build\\testWorker.js:106:12)"],"fullName":"(lv.3)retry.js 테스트 retries가 0이면 한 번만 시도해야 한다.","invocations":1,"location":null,"numPassingAsserts":0,"retryReasons":[],"status":"failed","title":"retries가 0이면 한 번만 시도해야 한다."}],"endTime":1738890642574,"message":"\u001b[1m\u001b[31m  \u001b[1m● \u001b[22m\u001b[1m(lv.3)retry.js 테스트 › 성공 시, 즉시 resolve되어야 한다.\u001b[39m\u001b[22m\n\n    \u001b[2mexpect(\u001b[22m\u001b[31mreceived\u001b[39m\u001b[2m).\u001b[22mtoBe\u001b[2m(\u001b[22m\u001b[32mexpected\u001b[39m\u001b[2m) // Object.is equality\u001b[22m\n\n    Expected: \u001b[32m\"success\"\u001b[39m\n    Received: \u001b[31mundefined\u001b[39m\n\u001b[2m\u001b[22m\n\u001b[2m    \u001b[0m \u001b[90m  9 |\u001b[39m     }\u001b[33m;\u001b[39m\u001b[22m\n\u001b[2m     \u001b[90m 10 |\u001b[39m     \u001b[36mconst\u001b[39m result \u001b[33m=\u001b[39m \u001b[36mawait\u001b[39m retryRequest(promiseFactory\u001b[33m,\u001b[39m \u001b[35m3\u001b[39m)\u001b[33m;\u001b[39m\u001b[22m\n\u001b[2m    \u001b[31m\u001b[1m>\u001b[22m\u001b[2m\u001b[39m\u001b[90m 11 |\u001b[39m     expect(result)\u001b[33m.\u001b[39mtoBe(\u001b[32m\"success\"\u001b[39m)\u001b[33m;\u001b[39m\u001b[22m\n\u001b[2m     \u001b[90m    |\u001b[39m                    \u001b[31m\u001b[1m^\u001b[22m\u001b[2m\u001b[39m\u001b[22m\n\u001b[2m     \u001b[90m 12 |\u001b[39m     expect(callCount)\u001b[33m.\u001b[39mtoBe(\u001b[35m1\u001b[39m)\u001b[33m;\u001b[39m\u001b[22m\n\u001b[2m     \u001b[90m 13 |\u001b[39m   })\u001b[33m;\u001b[39m\u001b[22m\n\u001b[2m     \u001b[90m 14 |\u001b[39m\u001b[0m\u001b[22m\n\u001b[2m\u001b[22m\n\u001b[2m      \u001b[2mat Object.toBe (C:\\Users\\ilove\\Desktop\\sparta\\javascript-problem-bank\\__test__do_not_edit\\part2\\03.비동기\\(lv.5)\u001b[22m\u001b[2mretry.test.js\u001b[2m:11:20)\u001b[22m\u001b[2m\u001b[22m\n\n\u001b[1m\u001b[31m  \u001b[1m● \u001b[22m\u001b[1m(lv.3)retry.js 테스트 › 최대 재시도 횟수 안에 성공하면, 성공 값을 resolve해야 한다.\u001b[39m\u001b[22m\n\n    \u001b[2mexpect(\u001b[22m\u001b[31mreceived\u001b[39m\u001b[2m).\u001b[22mtoBe\u001b[2m(\u001b[22m\u001b[32mexpected\u001b[39m\u001b[2m) // Object.is equality\u001b[22m\n\n    Expected: \u001b[32m\"final-success\"\u001b[39m\n    Received: \u001b[31mundefined\u001b[39m\n\u001b[2m\u001b[22m\n\u001b[2m    \u001b[0m \u001b[90m 23 |\u001b[39m     }\u001b[33m;\u001b[39m\u001b[22m\n\u001b[2m     \u001b[90m 24 |\u001b[39m     \u001b[36mconst\u001b[39m result \u001b[33m=\u001b[39m \u001b[36mawait\u001b[39m retryRequest(promiseFactory\u001b[33m,\u001b[39m \u001b[35m5\u001b[39m)\u001b[33m;\u001b[39m\u001b[22m\n\u001b[2m    \u001b[31m\u001b[1m>\u001b[22m\u001b[2m\u001b[39m\u001b[90m 25 |\u001b[39m     expect(result)\u001b[33m.\u001b[39mtoBe(\u001b[32m\"final-success\"\u001b[39m)\u001b[33m;\u001b[39m\u001b[22m\n\u001b[2m     \u001b[90m    |\u001b[39m                    \u001b[31m\u001b[1m^\u001b[22m\u001b[2m\u001b[39m\u001b[22m\n\u001b[2m     \u001b[90m 26 |\u001b[39m     expect(failCount)\u001b[33m.\u001b[39mtoBe(\u001b[35m2\u001b[39m)\u001b[33m;\u001b[39m\u001b[22m\n\u001b[2m     \u001b[90m 27 |\u001b[39m   })\u001b[33m;\u001b[39m\u001b[22m\n\u001b[2m     \u001b[90m 28 |\u001b[39m\u001b[0m\u001b[22m\n\u001b[2m\u001b[22m\n\u001b[2m      \u001b[2mat Object.toBe (C:\\Users\\ilove\\Desktop\\sparta\\javascript-problem-bank\\__test__do_not_edit\\part2\\03.비동기\\(lv.5)\u001b[22m\u001b[2mretry.test.js\u001b[2m:25:20)\u001b[22m\u001b[2m\u001b[22m\n\n\u001b[1m\u001b[31m  \u001b[1m● \u001b[22m\u001b[1m(lv.3)retry.js 테스트 › 모든 시도가 실패하면, 마지막 에러를 reject해야 한다.\u001b[39m\u001b[22m\n\n    \u001b[2mexpect(\u001b[22m\u001b[31mreceived\u001b[39m\u001b[2m).\u001b[22mrejects\u001b[2m.\u001b[22mtoMatch\u001b[2m()\u001b[22m\n\n    \u001b[1mMatcher error\u001b[22m: \u001b[31mreceived\u001b[39m value must be a promise or a function returning a promise\n\n    Received has value: \u001b[31mundefined\u001b[39m\n\u001b[2m\u001b[22m\n\u001b[2m    \u001b[0m \u001b[90m 33 |\u001b[39m       \u001b[36mreturn\u001b[39m \u001b[33mPromise\u001b[39m\u001b[33m.\u001b[39mreject(\u001b[32m`error-${callCount}`\u001b[39m)\u001b[33m;\u001b[39m\u001b[22m\n\u001b[2m     \u001b[90m 34 |\u001b[39m     }\u001b[33m;\u001b[39m\u001b[22m\n\u001b[2m    \u001b[31m\u001b[1m>\u001b[22m\u001b[2m\u001b[39m\u001b[90m 35 |\u001b[39m     \u001b[36mawait\u001b[39m expect(retryRequest(promiseFactory\u001b[33m,\u001b[39m \u001b[35m2\u001b[39m))\u001b[33m.\u001b[39mrejects\u001b[33m.\u001b[39mtoMatch(\u001b[32m\"error-3\"\u001b[39m)\u001b[33m;\u001b[39m\u001b[22m\n\u001b[2m     \u001b[90m    |\u001b[39m                                                           \u001b[31m\u001b[1m^\u001b[22m\u001b[2m\u001b[39m\u001b[22m\n\u001b[2m     \u001b[90m 36 |\u001b[39m     expect(callCount)\u001b[33m.\u001b[39mtoBe(\u001b[35m3\u001b[39m)\u001b[33m;\u001b[39m\u001b[22m\n\u001b[2m     \u001b[90m 37 |\u001b[39m   })\u001b[33m;\u001b[39m\u001b[22m\n\u001b[2m     \u001b[90m 38 |\u001b[39m\u001b[0m\u001b[22m\n\u001b[2m\u001b[22m\n\u001b[2m      \u001b[2mat Object.toMatch (\u001b[22m\u001b[2mnode_modules/expect/build/index.js\u001b[2m:204:13)\u001b[22m\u001b[2m\u001b[22m\n\u001b[2m      \u001b[2mat Object.toMatch (C:\\Users\\ilove\\Desktop\\sparta\\javascript-problem-bank\\__test__do_not_edit\\part2\\03.비동기\\(lv.5)\u001b[22m\u001b[2mretry.test.js\u001b[2m:35:59)\u001b[22m\u001b[2m\u001b[22m\n\n\u001b[1m\u001b[31m  \u001b[1m● \u001b[22m\u001b[1m(lv.3)retry.js 테스트 › retries가 0이면 한 번만 시도해야 한다.\u001b[39m\u001b[22m\n\n    \u001b[2mexpect(\u001b[22m\u001b[31mreceived\u001b[39m\u001b[2m).\u001b[22mrejects\u001b[2m.\u001b[22mtoBe\u001b[2m()\u001b[22m\n\n    \u001b[1mMatcher error\u001b[22m: \u001b[31mreceived\u001b[39m value must be a promise or a function returning a promise\n\n    Received has value: \u001b[31mundefined\u001b[39m\n\u001b[2m\u001b[22m\n\u001b[2m    \u001b[0m \u001b[90m 43 |\u001b[39m       \u001b[36mreturn\u001b[39m \u001b[33mPromise\u001b[39m\u001b[33m.\u001b[39mreject(\u001b[32m\"always fail\"\u001b[39m)\u001b[33m;\u001b[39m\u001b[22m\n\u001b[2m     \u001b[90m 44 |\u001b[39m     }\u001b[33m;\u001b[39m\u001b[22m\n\u001b[2m    \u001b[31m\u001b[1m>\u001b[22m\u001b[2m\u001b[39m\u001b[90m 45 |\u001b[39m     \u001b[36mawait\u001b[39m expect(retryRequest(promiseFactory\u001b[33m,\u001b[39m \u001b[35m0\u001b[39m))\u001b[33m.\u001b[39mrejects\u001b[33m.\u001b[39mtoBe(\u001b[32m\"always fail\"\u001b[39m)\u001b[33m;\u001b[39m\u001b[22m\n\u001b[2m     \u001b[90m    |\u001b[39m                                                           \u001b[31m\u001b[1m^\u001b[22m\u001b[2m\u001b[39m\u001b[22m\n\u001b[2m     \u001b[90m 46 |\u001b[39m     expect(callCount)\u001b[33m.\u001b[39mtoBe(\u001b[35m1\u001b[39m)\u001b[33m;\u001b[39m\u001b[22m\n\u001b[2m     \u001b[90m 47 |\u001b[39m   })\u001b[33m;\u001b[39m\u001b[22m\n\u001b[2m     \u001b[90m 48 |\u001b[39m })\u001b[33m;\u001b[39m\u001b[0m\u001b[22m\n\u001b[2m\u001b[22m\n\u001b[2m      \u001b[2mat Object.toBe (\u001b[22m\u001b[2mnode_modules/expect/build/index.js\u001b[2m:204:13)\u001b[22m\u001b[2m\u001b[22m\n\u001b[2m      \u001b[2mat Object.toBe (C:\\Users\\ilove\\Desktop\\sparta\\javascript-problem-bank\\__test__do_not_edit\\part2\\03.비동기\\(lv.5)\u001b[22m\u001b[2mretry.test.js\u001b[2m:45:59)\u001b[22m\u001b[2m\u001b[22m\n","name":"C:\\Users\\ilove\\Desktop\\sparta\\javascript-problem-bank\\__test__do_not_edit\\part2\\03.비동기\\(lv.5)retry.test.js","startTime":1738890642382,"status":"failed","summary":""},{"assertionResults":[{"ancestorTitles":["(lv.3)지정된-key-추출하기.js 테스트"],"duration":14,"failureDetails":[{"matcherResult":{"expected":{"b":2,"c":3},"message":"\u001b[2mexpect(\u001b[22m\u001b[31mreceived\u001b[39m\u001b[2m).\u001b[22mtoEqual\u001b[2m(\u001b[22m\u001b[32mexpected\u001b[39m\u001b[2m) // deep equality\u001b[22m\n\nExpected: \u001b[32m{\"b\": 2, \"c\": 3}\u001b[39m\nReceived: \u001b[31mundefined\u001b[39m","name":"toEqual","pass":false}}],"failureMessages":["Error: \u001b[2mexpect(\u001b[22m\u001b[31mreceived\u001b[39m\u001b[2m).\u001b[22mtoEqual\u001b[2m(\u001b[22m\u001b[32mexpected\u001b[39m\u001b[2m) // deep equality\u001b[22m\n\nExpected: \u001b[32m{\"b\": 2, \"c\": 3}\u001b[39m\nReceived: \u001b[31mundefined\u001b[39m\n    at Object.toEqual (C:\\Users\\ilove\\Desktop\\sparta\\javascript-problem-bank\\__test__do_not_edit\\part2\\05.응용\\(lv.3)지정된-key-추출하기.test.js:8:20)\n    at Promise.then.completed (C:\\Users\\ilove\\Desktop\\sparta\\javascript-problem-bank\\node_modules\\jest-circus\\build\\utils.js:298:28)\n    at new Promise (<anonymous>)\n    at callAsyncCircusFn (C:\\Users\\ilove\\Desktop\\sparta\\javascript-problem-bank\\node_modules\\jest-circus\\build\\utils.js:231:10)\n    at _callCircusTest (C:\\Users\\ilove\\Desktop\\sparta\\javascript-problem-bank\\node_modules\\jest-circus\\build\\run.js:316:40)\n    at _runTest (C:\\Users\\ilove\\Desktop\\sparta\\javascript-problem-bank\\node_modules\\jest-circus\\build\\run.js:252:3)\n    at _runTestsForDescribeBlock (C:\\Users\\ilove\\Desktop\\sparta\\javascript-problem-bank\\node_modules\\jest-circus\\build\\run.js:126:9)\n    at _runTestsForDescribeBlock (C:\\Users\\ilove\\Desktop\\sparta\\javascript-problem-bank\\node_modules\\jest-circus\\build\\run.js:121:9)\n    at run (C:\\Users\\ilove\\Desktop\\sparta\\javascript-problem-bank\\node_modules\\jest-circus\\build\\run.js:71:3)\n    at runAndTransformResultsToJestFormat (C:\\Users\\ilove\\Desktop\\sparta\\javascript-problem-bank\\node_modules\\jest-circus\\build\\legacy-code-todo-rewrite\\jestAdapterInit.js:122:21)\n    at jestAdapter (C:\\Users\\ilove\\Desktop\\sparta\\javascript-problem-bank\\node_modules\\jest-circus\\build\\legacy-code-todo-rewrite\\jestAdapter.js:79:19)\n    at runTestInternal (C:\\Users\\ilove\\Desktop\\sparta\\javascript-problem-bank\\node_modules\\jest-runner\\build\\runTest.js:367:16)\n    at runTest (C:\\Users\\ilove\\Desktop\\sparta\\javascript-problem-bank\\node_modules\\jest-runner\\build\\runTest.js:444:34)\n    at Object.worker (C:\\Users\\ilove\\Desktop\\sparta\\javascript-problem-bank\\node_modules\\jest-runner\\build\\testWorker.js:106:12)"],"fullName":"(lv.3)지정된-key-추출하기.js 테스트 지정된 key만 추출해서 새 객체를 반환해야 한다.","invocations":1,"location":null,"numPassingAsserts":0,"retryReasons":[],"status":"failed","title":"지정된 key만 추출해서 새 객체를 반환해야 한다."},{"ancestorTitles":["(lv.3)지정된-key-추출하기.js 테스트"],"duration":1,"failureDetails":[{"matcherResult":{"expected":{"y":20},"message":"\u001b[2mexpect(\u001b[22m\u001b[31mreceived\u001b[39m\u001b[2m).\u001b[22mtoEqual\u001b[2m(\u001b[22m\u001b[32mexpected\u001b[39m\u001b[2m) // deep equality\u001b[22m\n\nExpected: \u001b[32m{\"y\": 20}\u001b[39m\nReceived: \u001b[31mundefined\u001b[39m","name":"toEqual","pass":false}}],"failureMessages":["Error: \u001b[2mexpect(\u001b[22m\u001b[31mreceived\u001b[39m\u001b[2m).\u001b[22mtoEqual\u001b[2m(\u001b[22m\u001b[32mexpected\u001b[39m\u001b[2m) // deep equality\u001b[22m\n\nExpected: \u001b[32m{\"y\": 20}\u001b[39m\nReceived: \u001b[31mundefined\u001b[39m\n    at Object.toEqual (C:\\Users\\ilove\\Desktop\\sparta\\javascript-problem-bank\\__test__do_not_edit\\part2\\05.응용\\(lv.3)지정된-key-추출하기.test.js:15:20)\n    at Promise.then.completed (C:\\Users\\ilove\\Desktop\\sparta\\javascript-problem-bank\\node_modules\\jest-circus\\build\\utils.js:298:28)\n    at new Promise (<anonymous>)\n    at callAsyncCircusFn (C:\\Users\\ilove\\Desktop\\sparta\\javascript-problem-bank\\node_modules\\jest-circus\\build\\utils.js:231:10)\n    at _callCircusTest (C:\\Users\\ilove\\Desktop\\sparta\\javascript-problem-bank\\node_modules\\jest-circus\\build\\run.js:316:40)\n    at _runTest (C:\\Users\\ilove\\Desktop\\sparta\\javascript-problem-bank\\node_modules\\jest-circus\\build\\run.js:252:3)\n    at _runTestsForDescribeBlock (C:\\Users\\ilove\\Desktop\\sparta\\javascript-problem-bank\\node_modules\\jest-circus\\build\\run.js:126:9)\n    at _runTestsForDescribeBlock (C:\\Users\\ilove\\Desktop\\sparta\\javascript-problem-bank\\node_modules\\jest-circus\\build\\run.js:121:9)\n    at run (C:\\Users\\ilove\\Desktop\\sparta\\javascript-problem-bank\\node_modules\\jest-circus\\build\\run.js:71:3)\n    at runAndTransformResultsToJestFormat (C:\\Users\\ilove\\Desktop\\sparta\\javascript-problem-bank\\node_modules\\jest-circus\\build\\legacy-code-todo-rewrite\\jestAdapterInit.js:122:21)\n    at jestAdapter (C:\\Users\\ilove\\Desktop\\sparta\\javascript-problem-bank\\node_modules\\jest-circus\\build\\legacy-code-todo-rewrite\\jestAdapter.js:79:19)\n    at runTestInternal (C:\\Users\\ilove\\Desktop\\sparta\\javascript-problem-bank\\node_modules\\jest-runner\\build\\runTest.js:367:16)\n    at runTest (C:\\Users\\ilove\\Desktop\\sparta\\javascript-problem-bank\\node_modules\\jest-runner\\build\\runTest.js:444:34)\n    at Object.worker (C:\\Users\\ilove\\Desktop\\sparta\\javascript-problem-bank\\node_modules\\jest-runner\\build\\testWorker.js:106:12)"],"fullName":"(lv.3)지정된-key-추출하기.js 테스트 존재하지 않는 key는 무시해야 한다.","invocations":1,"location":null,"numPassingAsserts":0,"retryReasons":[],"status":"failed","title":"존재하지 않는 key는 무시해야 한다."},{"ancestorTitles":["(lv.3)지정된-key-추출하기.js 테스트"],"duration":0,"failureDetails":[{"matcherResult":{"expected":{},"message":"\u001b[2mexpect(\u001b[22m\u001b[31mreceived\u001b[39m\u001b[2m).\u001b[22mtoEqual\u001b[2m(\u001b[22m\u001b[32mexpected\u001b[39m\u001b[2m) // deep equality\u001b[22m\n\nExpected: \u001b[32m{}\u001b[39m\nReceived: \u001b[31mundefined\u001b[39m","name":"toEqual","pass":false}}],"failureMessages":["Error: \u001b[2mexpect(\u001b[22m\u001b[31mreceived\u001b[39m\u001b[2m).\u001b[22mtoEqual\u001b[2m(\u001b[22m\u001b[32mexpected\u001b[39m\u001b[2m) // deep equality\u001b[22m\n\nExpected: \u001b[32m{}\u001b[39m\nReceived: \u001b[31mundefined\u001b[39m\n    at Object.toEqual (C:\\Users\\ilove\\Desktop\\sparta\\javascript-problem-bank\\__test__do_not_edit\\part2\\05.응용\\(lv.3)지정된-key-추출하기.test.js:22:20)\n    at Promise.then.completed (C:\\Users\\ilove\\Desktop\\sparta\\javascript-problem-bank\\node_modules\\jest-circus\\build\\utils.js:298:28)\n    at new Promise (<anonymous>)\n    at callAsyncCircusFn (C:\\Users\\ilove\\Desktop\\sparta\\javascript-problem-bank\\node_modules\\jest-circus\\build\\utils.js:231:10)\n    at _callCircusTest (C:\\Users\\ilove\\Desktop\\sparta\\javascript-problem-bank\\node_modules\\jest-circus\\build\\run.js:316:40)\n    at _runTest (C:\\Users\\ilove\\Desktop\\sparta\\javascript-problem-bank\\node_modules\\jest-circus\\build\\run.js:252:3)\n    at _runTestsForDescribeBlock (C:\\Users\\ilove\\Desktop\\sparta\\javascript-problem-bank\\node_modules\\jest-circus\\build\\run.js:126:9)\n    at _runTestsForDescribeBlock (C:\\Users\\ilove\\Desktop\\sparta\\javascript-problem-bank\\node_modules\\jest-circus\\build\\run.js:121:9)\n    at run (C:\\Users\\ilove\\Desktop\\sparta\\javascript-problem-bank\\node_modules\\jest-circus\\build\\run.js:71:3)\n    at runAndTransformResultsToJestFormat (C:\\Users\\ilove\\Desktop\\sparta\\javascript-problem-bank\\node_modules\\jest-circus\\build\\legacy-code-todo-rewrite\\jestAdapterInit.js:122:21)\n    at jestAdapter (C:\\Users\\ilove\\Desktop\\sparta\\javascript-problem-bank\\node_modules\\jest-circus\\build\\legacy-code-todo-rewrite\\jestAdapter.js:79:19)\n    at runTestInternal (C:\\Users\\ilove\\Desktop\\sparta\\javascript-problem-bank\\node_modules\\jest-runner\\build\\runTest.js:367:16)\n    at runTest (C:\\Users\\ilove\\Desktop\\sparta\\javascript-problem-bank\\node_modules\\jest-runner\\build\\runTest.js:444:34)\n    at Object.worker (C:\\Users\\ilove\\Desktop\\sparta\\javascript-problem-bank\\node_modules\\jest-runner\\build\\testWorker.js:106:12)"],"fullName":"(lv.3)지정된-key-추출하기.js 테스트 키 배열이 비어있으면 빈 객체를 반환해야 한다.","invocations":1,"location":null,"numPassingAsserts":0,"retryReasons":[],"status":"failed","title":"키 배열이 비어있으면 빈 객체를 반환해야 한다."},{"ancestorTitles":["(lv.3)지정된-key-추출하기.js 테스트"],"duration":1,"failureDetails":[{"matcherResult":{"expected":{},"message":"\u001b[2mexpect(\u001b[22m\u001b[31mreceived\u001b[39m\u001b[2m).\u001b[22mtoEqual\u001b[2m(\u001b[22m\u001b[32mexpected\u001b[39m\u001b[2m) // deep equality\u001b[22m\n\nExpected: \u001b[32m{}\u001b[39m\nReceived: \u001b[31mundefined\u001b[39m","name":"toEqual","pass":false}}],"failureMessages":["Error: \u001b[2mexpect(\u001b[22m\u001b[31mreceived\u001b[39m\u001b[2m).\u001b[22mtoEqual\u001b[2m(\u001b[22m\u001b[32mexpected\u001b[39m\u001b[2m) // deep equality\u001b[22m\n\nExpected: \u001b[32m{}\u001b[39m\nReceived: \u001b[31mundefined\u001b[39m\n    at Object.toEqual (C:\\Users\\ilove\\Desktop\\sparta\\javascript-problem-bank\\__test__do_not_edit\\part2\\05.응용\\(lv.3)지정된-key-추출하기.test.js:29:20)\n    at Promise.then.completed (C:\\Users\\ilove\\Desktop\\sparta\\javascript-problem-bank\\node_modules\\jest-circus\\build\\utils.js:298:28)\n    at new Promise (<anonymous>)\n    at callAsyncCircusFn (C:\\Users\\ilove\\Desktop\\sparta\\javascript-problem-bank\\node_modules\\jest-circus\\build\\utils.js:231:10)\n    at _callCircusTest (C:\\Users\\ilove\\Desktop\\sparta\\javascript-problem-bank\\node_modules\\jest-circus\\build\\run.js:316:40)\n    at _runTest (C:\\Users\\ilove\\Desktop\\sparta\\javascript-problem-bank\\node_modules\\jest-circus\\build\\run.js:252:3)\n    at _runTestsForDescribeBlock (C:\\Users\\ilove\\Desktop\\sparta\\javascript-problem-bank\\node_modules\\jest-circus\\build\\run.js:126:9)\n    at _runTestsForDescribeBlock (C:\\Users\\ilove\\Desktop\\sparta\\javascript-problem-bank\\node_modules\\jest-circus\\build\\run.js:121:9)\n    at run (C:\\Users\\ilove\\Desktop\\sparta\\javascript-problem-bank\\node_modules\\jest-circus\\build\\run.js:71:3)\n    at runAndTransformResultsToJestFormat (C:\\Users\\ilove\\Desktop\\sparta\\javascript-problem-bank\\node_modules\\jest-circus\\build\\legacy-code-todo-rewrite\\jestAdapterInit.js:122:21)\n    at jestAdapter (C:\\Users\\ilove\\Desktop\\sparta\\javascript-problem-bank\\node_modules\\jest-circus\\build\\legacy-code-todo-rewrite\\jestAdapter.js:79:19)\n    at runTestInternal (C:\\Users\\ilove\\Desktop\\sparta\\javascript-problem-bank\\node_modules\\jest-runner\\build\\runTest.js:367:16)\n    at runTest (C:\\Users\\ilove\\Desktop\\sparta\\javascript-problem-bank\\node_modules\\jest-runner\\build\\runTest.js:444:34)\n    at Object.worker (C:\\Users\\ilove\\Desktop\\sparta\\javascript-problem-bank\\node_modules\\jest-runner\\build\\testWorker.js:106:12)"],"fullName":"(lv.3)지정된-key-추출하기.js 테스트 obj에 key가 하나도 없을 때도 올바르게 동작해야 한다.","invocations":1,"location":null,"numPassingAsserts":0,"retryReasons":[],"status":"failed","title":"obj에 key가 하나도 없을 때도 올바르게 동작해야 한다."},{"ancestorTitles":["(lv.3)지정된-key-추출하기.js 테스트"],"duration":1,"failureDetails":[{"matcherResult":{"expected":{"a":1},"message":"\u001b[2mexpect(\u001b[22m\u001b[31mreceived\u001b[39m\u001b[2m).\u001b[22mtoEqual\u001b[2m(\u001b[22m\u001b[32mexpected\u001b[39m\u001b[2m) // deep equality\u001b[22m\n\nExpected: \u001b[32m{\"a\": 1}\u001b[39m\nReceived: \u001b[31mundefined\u001b[39m","name":"toEqual","pass":false}}],"failureMessages":["Error: \u001b[2mexpect(\u001b[22m\u001b[31mreceived\u001b[39m\u001b[2m).\u001b[22mtoEqual\u001b[2m(\u001b[22m\u001b[32mexpected\u001b[39m\u001b[2m) // deep equality\u001b[22m\n\nExpected: \u001b[32m{\"a\": 1}\u001b[39m\nReceived: \u001b[31mundefined\u001b[39m\n    at Object.toEqual (C:\\Users\\ilove\\Desktop\\sparta\\javascript-problem-bank\\__test__do_not_edit\\part2\\05.응용\\(lv.3)지정된-key-추출하기.test.js:36:20)\n    at Promise.then.completed (C:\\Users\\ilove\\Desktop\\sparta\\javascript-problem-bank\\node_modules\\jest-circus\\build\\utils.js:298:28)\n    at new Promise (<anonymous>)\n    at callAsyncCircusFn (C:\\Users\\ilove\\Desktop\\sparta\\javascript-problem-bank\\node_modules\\jest-circus\\build\\utils.js:231:10)\n    at _callCircusTest (C:\\Users\\ilove\\Desktop\\sparta\\javascript-problem-bank\\node_modules\\jest-circus\\build\\run.js:316:40)\n    at _runTest (C:\\Users\\ilove\\Desktop\\sparta\\javascript-problem-bank\\node_modu
[...]
sages":[],"fullName":"(lv.1)[2]배열-복사하기.js 테스트 newArray는 array와 같은 참조를 가지지 않아야 합니다.","invocations":1,"location":null,"numPassingAsserts":1,"retryReasons":[],"status":"passed","title":"newArray는 array와 같은 참조를 가지지 않아야 합니다."},{"ancestorTitles":["(lv.1)[2]배열-복사하기.js 테스트"],"duration":1,"failureDetails":[],"failureMessages":[],"fullName":"(lv.1)[2]배열-복사하기.js 테스트 newArray는 [1, 2, 3, 4] 이어야 합니다.","invocations":1,"location":null,"numPassingAsserts":1,"retryReasons":[],"status":"passed","title":"newArray는 [1, 2, 3, 4] 이어야 합니다."},{"ancestorTitles":["(lv.1)[2]배열-복사하기.js 테스트"],"duration":0,"failureDetails":[],"failureMessages":[],"fullName":"(lv.1)[2]배열-복사하기.js 테스트 array는 원래 배열 [1, 2, 3]을 유지해야 합니다.","invocations":1,"location":null,"numPassingAsserts":1,"retryReasons":[],"status":"passed","title":"array는 원래 배열 [1, 2, 3]을 유지해야 합니다."}],"endTime":1738890645007,"message":"","name":"C:\\Users\\ilove\\Desktop\\sparta\\javascript-problem-bank\\__test__do_not_edit\\part1\\06.배열\\(lv.1)[2]배열-복사하기.test.js","startTime":1738890644776,"status":"passed","summary":""},{"assertionResults":[{"ancestorTitles":["(lv.1)[2]기본-산술-연산자.js 테스트"],"duration":3,"failureDetails":[],"failureMessages":[],"fullName":"(lv.1)[2]기본-산술-연산자.js 테스트 add 변수는 10이어야 합니다.","invocations":1,"location":null,"numPassingAsserts":1,"retryReasons":[],"status":"passed","title":"add 변수는 10이어야 합니다."},{"ancestorTitles":["(lv.1)[2]기본-산술-연산자.js 테스트"],"duration":1,"failureDetails":[],"failureMessages":[],"fullName":"(lv.1)[2]기본-산술-연산자.js 테스트 subtract 변수는 10이어야 합니다.","invocations":1,"location":null,"numPassingAsserts":1,"retryReasons":[],"status":"passed","title":"subtract 변수는 10이어야 합니다."},{"ancestorTitles":["(lv.1)[2]기본-산술-연산자.js 테스트"],"duration":0,"failureDetails":[],"failureMessages":[],"fullName":"(lv.1)[2]기본-산술-연산자.js 테스트 multiply 변수는 10이어야 합니다.","invocations":1,"location":null,"numPassingAsserts":1,"retryReasons":[],"status":"passed","title":"multiply 변수는 10이어야 합니다."},{"ancestorTitles":["(lv.1)[2]기본-산술-연산자.js 테스트"],"duration":0,"failureDetails":[],"failureMessages":[],"fullName":"(lv.1)[2]기본-산술-연산자.js 테스트 divide 변수는 10이어야 합니다.","invocations":1,"location":null,"numPassingAsserts":1,"retryReasons":[],"status":"passed","title":"divide 변수는 10이어야 합니다."}],"endTime":1738890645044,"message":"","name":"C:\\Users\\ilove\\Desktop\\sparta\\javascript-problem-bank\\__test__do_not_edit\\part1\\02.연산자\\(lv.1)기본-산술-연산자.test.js","startTime":1738890644890,"status":"passed","summary":""},{"assertionResults":[{"ancestorTitles":["(lv.2)Promise-체이닝-catch.js 테스트"],"duration":2,"failureDetails":[],"failureMessages":[],"fullName":"(lv.2)Promise-체이닝-catch.js 테스트 primary가 성공하면 primary의 결과를 반환해야 한다.","invocations":1,"location":null,"numPassingAsserts":3,"retryReasons":[],"status":"passed","title":"primary가 성공하면 primary의 결과를 반환해야 한다."},{"ancestorTitles":["(lv.2)Promise-체이닝-catch.js 테스트"],"duration":1,"failureDetails":[],"failureMessages":[],"fullName":"(lv.2)Promise-체이닝-catch.js 테스트 primary가 실패하면 fallback을 호출하고, 그 결과를 반환해야 한다.","invocations":1,"location":null,"numPassingAsserts":3,"retryReasons":[],"status":"passed","title":"primary가 실패하면 fallback을 호출하고, 그 결과를 반환해야 한다."},{"ancestorTitles":["(lv.2)Promise-체이닝-catch.js 테스트"],"duration":12,"failureDetails":[],"failureMessages":[],"fullName":"(lv.2)Promise-체이닝-catch.js 테스트 primary와 fallback 둘 다 실패하면 해당 에러를 던져야 한다.","invocations":1,"location":null,"numPassingAsserts":3,"retryReasons":[],"status":"passed","title":"primary와 fallback 둘 다 실패하면 해당 에러를 던져야 한다."}],"endTime":1738890645068,"message":"","name":"C:\\Users\\ilove\\Desktop\\sparta\\javascript-problem-bank\\__test__do_not_edit\\part1\\10.비동기\\(lv.2)Promise-체이닝-catch.test.js","startTime":1738890644876,"status":"passed","summary":""},{"assertionResults":[{"ancestorTitles":["(lv.2)객체-메서드-Keys.js 테스트"],"duration":2,"failureDetails":[],"failureMessages":[],"fullName":"(lv.2)객체-메서드-Keys.js 테스트 name과 age 키를 가진 객체를 전달하면 ['name', 'age'] 배열을 반환해야 한다.","invocations":1,"location":null,"numPassingAsserts":1,"retryReasons":[],"status":"passed","title":"name과 age 키를 가진 객체를 전달하면 ['name', 'age'] 배열을 반환해야 한다."},{"ancestorTitles":["(lv.2)객체-메서드-Keys.js 테스트"],"duration":0,"failureDetails":[],"failureMessages":[],"fullName":"(lv.2)객체-메서드-Keys.js 테스트 빈 객체를 전달하면 빈 배열을 반환해야 한다.","invocations":1,"location":null,"numPassingAsserts":1,"retryReasons":[],"status":"passed","title":"빈 객체를 전달하면 빈 배열을 반환해야 한다."},{"ancestorTitles":["(lv.2)객체-메서드-Keys.js 테스트"],"duration":0,"failureDetails":[],"failureMessages":[],"fullName":"(lv.2)객체-메서드-Keys.js 테스트 여러 개의 프로퍼티를 가진 객체를 전달해도 모든 키를 배열로 반환해야 한다.","invocations":1,"location":null,"numPassingAsserts":1,"retryReasons":[],"status":"passed","title":"여러 개의 프로퍼티를 가진 객체를 전달해도 모든 키를 배열로 반환해야 한다."}],"endTime":1738890645114,"message":"","name":"C:\\Users\\ilove\\Desktop\\sparta\\javascript-problem-bank\\__test__do_not_edit\\part1\\05.객체\\(lv.2)객체-메서드-Keys.test.js","startTime":1738890644936,"status":"passed","summary":""},{"assertionResults":[{"ancestorTitles":["(lv.1)[1]기본함수(2).js 테스트"],"duration":2,"failureDetails":[],"failureMessages":[],"fullName":"(lv.1)[1]기본함수(2).js 테스트 'Hello, {name}'를 반환해야 합니다.","invocations":1,"location":null,"numPassingAsserts":1,"retryReasons":[],"status":"passed","title":"'Hello, {name}'를 반환해야 합니다."}],"endTime":1738890645138,"message":"","name":"C:\\Users\\ilove\\Desktop\\sparta\\javascript-problem-bank\\__test__do_not_edit\\part1\\03.함수\\(lv.1)[1]기본함수(2).test.js","startTime":1738890644960,"status":"passed","summary":""},{"assertionResults":[{"ancestorTitles":["(lv.2)배열-메서드-sort.js 테스트"],"duration":3,"failureDetails":[],"failureMessages":[],"fullName":"(lv.2)배열-메서드-sort.js 테스트 sort 메서드를 사용해야 한다.","invocations":1,"location":null,"numPassingAsserts":1,"retryReasons":[],"status":"passed","title":"sort 메서드를 사용해야 한다."},{"ancestorTitles":["(lv.2)배열-메서드-sort.js 테스트"],"duration":1,"failureDetails":[],"failureMessages":[],"fullName":"(lv.2)배열-메서드-sort.js 테스트 원본 배열을 변경하지 않고, 오름차순으로 정렬된 새 배열을 반환해야 한다.","invocations":1,"location":null,"numPassingAsserts":2,"retryReasons":[],"status":"passed","title":"원본 배열을 변경하지 않고, 오름차순으로 정렬된 새 배열을 반환해야 한다."},{"ancestorTitles":["(lv.2)배열-메서드-sort.js 테스트"],"duration":1,"failureDetails":[],"failureMessages":[],"fullName":"(lv.2)배열-메서드-sort.js 테스트 [5,4,3,2,1]을 입력하면 [1,2,3,4,5]를 반환해야 한다.","invocations":1,"location":null,"numPassingAsserts":1,"retryReasons":[],"status":"passed","title":"[5,4,3,2,1]을 입력하면 [1,2,3,4,5]를 반환해야 한다."},{"ancestorTitles":["(lv.2)배열-메서드-sort.js 테스트"],"duration":0,"failureDetails":[],"failureMessages":[],"fullName":"(lv.2)배열-메서드-sort.js 테스트 음수가 포함된 배열도 올바르게 정렬해야 한다.","invocations":1,"location":null,"numPassingAsserts":1,"retryReasons":[],"status":"passed","title":"음수가 포함된 배열도 올바르게 정렬해야 한다."},{"ancestorTitles":["(lv.2)배열-메서드-sort.js 테스트"],"duration":0,"failureDetails":[],"failureMessages":[],"fullName":"(lv.2)배열-메서드-sort.js 테스트 빈 배열이면 빈 배열을 반환해야 한다.","invocations":1,"location":null,"numPassingAsserts":1,"retryReasons":[],"status":"passed","title":"빈 배열이면 빈 배열을 반환해야 한다."}],"endTime":1738890645141,"message":"","name":"C:\\Users\\ilove\\Desktop\\sparta\\javascript-problem-bank\\__test__do_not_edit\\part1\\06.배열\\(lv.2)배열-메서드-sort.test.js","startTime":1738890644918,"status":"passed","summary":""},{"assertionResults":[{"ancestorTitles":["(lv.3)로그인-함수-작성하기.js 테스트"],"duration":2,"failureDetails":[],"failureMessages":[],"fullName":"(lv.3)로그인-함수-작성하기.js 테스트 id=\"admin\", pw=\"1234\"이면 \"ok\"를 반환해야 한다.","invocations":1,"location":null,"numPassingAsserts":1,"retryReasons":[],"status":"passed","title":"id=\"admin\", pw=\"1234\"이면 \"ok\"를 반환해야 한다."},{"ancestorTitles":["(lv.3)로그인-함수-작성하기.js 테스트"],"duration":1,"failureDetails":[],"failureMessages":[],"fullName":"(lv.3)로그인-함수-작성하기.js 테스트 id나 pw가 다르면 \"fail\"을 반환해야 한다.","invocations":1,"location":null,"numPassingAsserts":2,"retryReasons":[],"status":"passed","title":"id나 pw가 다르면 \"fail\"을 반환해야 한다."},{"ancestorTitles":["(lv.3)로그인-함수-작성하기.js 테스트"],"duration":0,"failureDetails":[],"failureMessages":[],"fullName":"(lv.3)로그인-함수-작성하기.js 테스트 에러가 발생하면 \"error\"를 반환해야 한다.","invocations":1,"location":null,"numPassingAsserts":1,"retryReasons":[],"status":"passed","title":"에러가 발생하면 \"error\"를 반환해야 한다."}],"endTime":1738890645143,"message":"","name":"C:\\Users\\ilove\\Desktop\\sparta\\javascript-problem-bank\\__test__do_not_edit\\part2\\03.비동기\\(lv.3)로그인-함수-작성하기.test.js","startTime":1738890644943,"status":"passed","summary":""},{"assertionResults":[{"ancestorTitles":["(lv.2)카운터-함수-만들기.js 테스트"],"duration":5,"failureDetails":[],"failureMessages":[],"fullName":"(lv.2)카운터-함수-만들기.js 테스트 createCounter 함수는 객체를 반환해야 한다.","invocations":1,"location":null,"numPassingAsserts":1,"retryReasons":[],"status":"passed","title":"createCounter 함수는 객체를 반환해야 한다."},{"ancestorTitles":["(lv.2)카운터-함수-만들기.js 테스트"],"duration":0,"failureDetails":[],"failureMessages":[],"fullName":"(lv.2)카운터-함수-만들기.js 테스트 객체는 increase, decrease, currentValue 메서드를 모두 가져야 한다.","invocations":1,"location":null,"numPassingAsserts":3,"retryReasons":[],"status":"passed","title":"객체는 increase, decrease, currentValue 메서드를 모두 가져야 한다."},{"ancestorTitles":["(lv.2)카운터-함수-만들기.js 테스트"],"duration":0,"failureDetails":[],"failureMessages":[],"fullName":"(lv.2)카운터-함수-만들기.js 테스트 increase 메서드는 count를 1 증가시켜야 한다.","invocations":1,"location":null,"numPassingAsserts":2,"retryReasons":[],"status":"passed","title":"increase 메서드는 count를 1 증가시켜야 한다."},{"ancestorTitles":["(lv.2)카운터-함수-만들기.js 테스트"],"duration":1,"failureDetails":[],"failureMessages":[],"fullName":"(lv.2)카운터-함수-만들기.js 테스트 decrease 메서드는 count를 1 감소시켜야 한다.","invocations":1,"location":null,"numPassingAsserts":2,"retryReasons":[],"status":"passed","title":"decrease 메서드는 count를 1 감소시켜야 한다."},{"ancestorTitles":["(lv.2)카운터-함수-만들기.js 테스트"],"duration":0,"failureDetails":[],"failureMessages":[],"fullName":"(lv.2)카운터-함수-만들기.js 테스트 여러 번 호출해도 count 값이 유지되어야 한다.","invocations":1,"location":null,"numPassingAsserts":1,"retryReasons":[],"status":"passed","title":"여러 번 호출해도 count 값이 유지되어야 한다."}],"endTime":1738890645162,"message":"","name":"C:\\Users\\ilove\\Desktop\\sparta\\javascript-problem-bank\\__test__do_not_edit\\part1\\08.클로저\\(lv.2)카운터-함수-만들기.test.js","startTime":1738890644964,"status":"passed","summary":""},{"assertionResults":[{"ancestorTitles":["(lv.1)[2]나머지-연산자.js 테스트"],"duration":2,"failureDetails":[],"failureMessages":[],"fullName":"(lv.1)[2]나머지-연산자.js 테스트 remainder 변수는 2이어야 합니다.","invocations":1,"location":null,"numPassingAsserts":1,"retryReasons":[],"status":"passed","title":"remainder 변수는 2이어야 합니다."},{"ancestorTitles":["(lv.1)[2]나머지-연산자.js 테스트"],"duration":0,"failureDetails":[],"failureMessages":[],"fullName":"(lv.1)[2]나머지-연산자.js 테스트 remainder 변수는 number 타입이어야 합니다.","invocations":1,"location":null,"numPassingAsserts":1,"retryReasons":[],"status":"passed","title":"remainder 변수는 number 타입이어야 합니다."}],"endTime":1738890645164,"message":"","name":"C:\\Users\\ilove\\Desktop\\sparta\\javascript-problem-bank\\__test__do_not_edit\\part1\\02.연산자\\(lv.1)나머지-연산자.test.js","startTime":1738890644970,"status":"passed","summary":""},{"assertionResults":[{"ancestorTitles":["(lv.1)[1]undefined-vs-null.js 테스트"],"duration":2,"failureDetails":[],"failureMessages":[],"fullName":"(lv.1)[1]undefined-vs-null.js 테스트 undeclaredVar 변수는 undefined 타입이어야 합니다.","invocations":1,"location":null,"numPassingAsserts":1,"retryReasons":[],"status":"passed","title":"undeclaredVar 변수는 undefined 타입이어야 합니다."},{"ancestorTitles":["(lv.1)[1]undefined-vs-null.js 테스트"],"duration":1,"failureDetails":[],"failureMessages":[],"fullName":"(lv.1)[1]undefined-vs-null.js 테스트 nullVar 변수는 object 타입이어야 합니다.","invocations":1,"location":null,"numPassingAsserts":1,"retryReasons":[],"status":"passed","title":"nullVar 변수는 object 타입이어야 합니다."}],"endTime":1738890645199,"message":"","name":"C:\\Users\\ilove\\Desktop\\sparta\\javascript-problem-bank\\__test__do_not_edit\\part1\\01.변수\\(lv.1)[1]undefined-vs-null.test.js","startTime":1738890645019,"status":"passed","summary":""},{"assertionResults":[{"ancestorTitles":["(lv.3)timeout.js 테스트"],"duration":6,"failureDetails":[],"failureMessages":[],"fullName":"(lv.3)timeout.js 테스트 Promise가 지정된 시간 내에 해결되면, 해당 결과를 반환한다.","invocations":1,"location":null,"numPassingAsserts":1,"retryReasons":[],"status":"passed","title":"Promise가 지정된 시간 내에 해결되면, 해당 결과를 반환한다."},{"ancestorTitles":["(lv.3)timeout.js 테스트"],"duration":1,"failureDetails":[],"failureMessages":[],"fullName":"(lv.3)timeout.js 테스트 Promise가 지정된 시간 내에 해결되지 않으면, \"timeout\" 에러를 던진다.","invocations":1,"location":null,"numPassingAsserts":1,"retryReasons":[],"status":"passed","title":"Promise가 지정된 시간 내에 해결되지 않으면, \"timeout\" 에러를 던진다."},{"ancestorTitles":["(lv.3)timeout.js 테스트"],"duration":1,"failureDetails":[],"failureMessages":[],"fullName":"(lv.3)timeout.js 테스트 Promise가 지정된 시간 내에 이미 해결된 경우, 즉시 결과를 반환한다.","invocations":1,"location":null,"numPassingAsserts":1,"retryReasons":[],"status":"passed","title":"Promise가 지정된 시간 내에 이미 해결된 경우, 즉시 결과를 반환한다."},{"ancestorTitles":["(lv.3)timeout.js 테스트"],"duration":0,"failureDetails":[],"failureMessages":[],"fullName":"(lv.3)timeout.js 테스트 두 번째 인자인 시간이 0인 경우, 항상 \"timeout\"을 거부한다.","invocations":1,"location":null,"numPassingAsserts":1,"retryReasons":[],"status":"passed","title":"두 번째 인자인 시간이 0인 경우, 항상 \"timeout\"을 거부한다."},{"ancestorTitles":["(lv.3)timeout.js 테스트"],"duration":2,"failureDetails":[],"failureMessages":[],"fullName":"(lv.3)timeout.js 테스트 Promise가 해결되기 직전에 타임아웃이 발생하지 않는지 확인한다.","invocations":1,"location":null,"numPassingAsserts":1,"retryReasons":[],"status":"passed","title":"Promise가 해결되기 직전에 타임아웃이 발생하지 않는지 확인한다."},{"ancestorTitles":["(lv.3)timeout.js 테스트"],"duration":1,"failureDetails":[],"failureMessages":[],"fullName":"(lv.3)timeout.js 테스트 타임아웃이 발생했을 때, 타이머가 제대로 클리어되는지 확인한다.","invocations":1,"location":null,"numPassingAsserts":1,"retryReasons":[],"status":"passed","title":"타임아웃이 발생했을 때, 타이머가 제대로 클리어되는지 확인한다."}],"endTime":1738890645205,"message":"","name":"C:\\Users\\ilove\\Desktop\\sparta\\javascript-problem-bank\\__test__do_not_edit\\part2\\03.비동기\\(lv.3)timeout.test.js","startTime":1738890645004,"status":"passed","summary":""},{"assertionResults":[{"ancestorTitles":["(lv.1)요일-구하기.js 테스트"],"duration":2,"failureDetails":[],"failureMessages":[],"fullName":"(lv.1)요일-구하기.js 테스트 1이면 '월'을 반환해야 한다.","invocations":1,"location":null,"numPassingAsserts":1,"retryReasons":[],"status":"passed","title":"1이면 '월'을 반환해야 한다."},{"ancestorTitles":["(lv.1)요일-구하기.js 테스트"],"duration":0,"failureDetails":[],"failureMessages":[],"fullName":"(lv.1)요일-구하기.js 테스트 3이면 '수'를 반환해야 한다.","invocations":1,"location":null,"numPassingAsserts":1,"retryReasons":[],"status":"passed","title":"3이면 '수'를 반환해야 한다."},{"ancestorTitles":["(lv.1)요일-구하기.js 테스트"],"duration":0,"failureDetails":[],"failureMessages":[],"fullName":"(lv.1)요일-구하기.js 테스트 6이면 '토'를 반환해야 한다.","invocations":1,"location":null,"numPassingAsserts":1,"retryReasons":[],"status":"passed","title":"6이면 '토'를 반환해야 한다."},{"ancestorTitles":["(lv.1)요일-구하기.js 테스트"],"duration":0,"failureDetails":[],"failureMessages":[],"fullName":"(lv.1)요일-구하기.js 테스트 7이면 '일'을 반환해야 한다.","invocations":1,"location":null,"numPassingAsserts":1,"retryReasons":[],"status":"passed","title":"7이면 '일'을 반환해야 한다."},{"ancestorTitles":["(lv.1)요일-구하기.js 테스트"],"duration":0,"failureDetails":[],"failureMessages":[],"fullName":"(lv.1)요일-구하기.js 테스트 0이면 'Invalid'를 반환해야 한다.","invocations":1,"location":null,"numPassingAsserts":1,"retryReasons":[],"status":"passed","title":"0이면 'Invalid'를 반환해야 한다."},{"ancestorTitles":["(lv.1)요일-구하기.js 테스트"],"duration":1,"failureDetails":[],"failureMessages":[],"fullName":"(lv.1)요일-구하기.js 테스트 8이면 'Invalid'를 반환해야 한다.","invocations":1,"location":null,"numPassingAsserts":1,"retryReasons":[],"status":"passed","title":"8이면 'Invalid'를 반환해야 한다."}],"endTime":1738890645206,"message":"","name":"C:\\Users\\ilove\\Desktop\\sparta\\javascript-problem-bank\\__test__do_not_edit\\part1\\04.조건문\\(lv.1)요일-구하기.test.js","startTime":1738890645020,"status":"passed","summary":""},{"assertionResults":[{"ancestorTitles":["(lv.1)홀짝-구하기.js 테스트"],"duration":2,"failureDetails":[],"failureMessages":[],"fullName":"(lv.1)홀짝-구하기.js 테스트 짝수(2)를 전달하면 'Even'을 반환해야 한다.","invocations":1,"location":null,"numPassingAsserts":1,"retryReasons":[],"status":"passed","title":"짝수(2)를 전달하면 'Even'을 반환해야 한다."},{"ancestorTitles":["(lv.1)홀짝-구하기.js 테스트"],"duration":0,"failureDetails":[],"failureMessages":[],"fullName":"(lv.1)홀짝-구하기.js 테스트 짝수(10)를 전달하면 'Even'을 반환해야 한다.","invocations":1,"location":null,"numPassingAsserts":1,"retryReasons":[],"status":"passed","title":"짝수(10)를 전달하면 'Even'을 반환해야 한다."},{"ancestorTitles":["(lv.1)홀짝-구하기.js 테스트"],"duration":0,"failureDetails":[],"failureMessages":[],"fullName":"(lv.1)홀짝-구하기.js 테스트 홀수(3)를 전달하면 'Odd'를 반환해야 한다.","invocations":1,"location":null,"numPassingAsserts":1,"retryReasons":[],"status":"passed","title":"홀수(3)를 전달하면 'Odd'를 반환해야 한다."},{"ancestorTitles":["(lv.1)홀짝-구하기.js 테스트"],"duration":1,"failureDetails":[],"failureMessages":[],"fullName":"(lv.1)홀짝-구하기.js 테스트 홀수(11)를 전달하면 'Odd'를 반환해야 한다.","invocations":1,"location":null,"numPassingAsserts":1,"retryReasons":[],"status":"passed","title":"홀수(11)를 전달하면 'Odd'를 반환해야 한다."}],"endTime":1738890645218,"message":"","name":"C:\\Users\\ilove\\Desktop\\sparta\\javascript-problem-bank\\__test__do_not_edit\\part1\\04.조건문\\(lv.1)홀짝-구하기.test.js","startTime":1738890645061,"status":"passed","summary":""},{"assertionResults":[{"ancestorTitles":["(lv.1)skip-and-stop.js 테스트"],"duration":2,"failureDetails":[],"failureMessages":[],"fullName":"(lv.1)skip-and-stop.js 테스트 함수를 실행하면 최종 합인 16을 반환해야 한다.","invocations":1,"location":null,"numPassingAsserts":1,"retryReasons":[],"status":"passed","title":"함수를 실행하면 최종 합인 16을 반환해야 한다."}],"endTime":1738890645243,"message":"","name":"C:\\Users\\ilove\\Desktop\\sparta\\javascript-problem-bank\\__test__do_not_edit\\part1\\07.반복문\\(lv.1)skip-and-stop.test.js","startTime":1738890645082,"status":"passed","summary":""},{"assertionResults":[{"ancestorTitles":["(lv.2)기본-클로저.js 테스트"],"duration":1,"failureDetails":[],"failureMessages":[],"fullName":"(lv.2)기본-클로저.js 테스트 simpleClosure 함수는 내부 함수를 반환해야 한다.","invocations":1,"location":null,"numPassingAsserts":1,"retryReasons":[],"status":"passed","title":"simpleClosure 함수는 내부 함수를 반환해야 한다."},{"ancestorTitles":["(lv.2)기본-클로저.js 테스트"],"duration":0,"failureDetails":[],"failureMessages":[],"fullName":"(lv.2)기본-클로저.js 테스트 반환된 내부 함수를 실행하면 'Hello Closure!'를 반환해야 한다.","invocations":1,"location":null,"numPassingAsserts":1,"retryReasons":[],"status":"passed","title":"반환된 내부 함수를 실행하면 'Hello Closure!'를 반환해야 한다."}],"endTime":1738890645263,"message":"","name":"C:\\Users\\ilove\\Desktop\\sparta\\javascript-problem-bank\\__test__do_not_edit\\part1\\08.클로저\\(lv.2)기본-클로저.test.js","startTime":1738890645131,"status":"passed","summary":""},{"assertionResults":[{"ancestorTitles":["(lv.1)[2]Promise-객체-만들기.js 테스트"],"duration":2,"failureDetails":[],"failureMessages":[],"fullName":"(lv.1)[2]Promise-객체-만들기.js 테스트 resolvePromise는 'Hello'를 resolve해야 한다.","invocations":1,"location":null,"numPassingAsserts":1,"retryReasons":[],"status":"passed","title":"resolvePromise는 'Hello'를 resolve해야 한다."},{"ancestorTitles":["(lv.1)[2]Promise-객체-만들기.js 테스트"],"duration":1,"failureDetails":[],"failureMessages":[],"fullName":"(lv.1)[2]Promise-객체-만들기.js 테스트 rejectPromise는 'Error!'를 reject해야 한다.","invocations":1,"location":null,"numPassingAsserts":1,"retryReasons":[],"status":"passed","title":"rejectPromise는 'Error!'를 reject해야 한다."},{"ancestorTitles":["(lv.1)[2]Promise-객체-만들기.js 테스트"],"duration":0,"failureDetails":[],"failureMessages":[],"fullName":"(lv.1)[2]Promise-객체-만들기.js 테스트 resolvePromise와 rejectPromise는 각각 Promise 객체여야 한다.","invocations":1,"location":null,"numPassingAsserts":2,"retryReasons":[],"status":"passed","title":"resolvePromise와 rejectPromise는 각각 Promise 객체여야 한다."}],"endTime":1738890645265,"message":"","name":"C:\\Users\\ilove\\Desktop\\sparta\\javascript-problem-bank\\__test__do_not_edit\\part1\\10.비동기\\(lv.1)Promise-객체-만들기.test.js","startTime":1738890645152,"status":"passed","summary":""}],"wasInterrupted":false}
